-- The C compiler identification is GNU 11.4.0
-- The CXX compiler identification is GNU 11.4.0
-- Detecting C compiler ABI info
-- Detecting C compiler ABI info - done
-- Check for working C compiler: /usr/bin/cc - skipped
-- Detecting C compile features
-- Detecting C compile features - done
-- Detecting CXX compiler ABI info
-- Detecting CXX compiler ABI info - done
-- Check for working CXX compiler: /usr/bin/c++ - skipped
-- Detecting CXX compile features
-- Detecting CXX compile features - done
-- Found ament_cmake: 1.3.11 (/opt/ros/humble/share/ament_cmake/cmake)
-- Found Python3: /usr/bin/python3 (found version "3.10.12") found components: Interpreter 
-- Found builtin_interfaces: 1.2.1 (/opt/ros/humble/share/builtin_interfaces/cmake)
-- Found rosidl_generator_c: 3.1.5 (/opt/ros/humble/share/rosidl_generator_c/cmake)
-- Found rosidl_adapter: 3.1.5 (/opt/ros/humble/share/rosidl_adapter/cmake)
-- Found rosidl_generator_cpp: 3.1.5 (/opt/ros/humble/share/rosidl_generator_cpp/cmake)
-- Using all available rosidl_typesupport_c: rosidl_typesupport_fastrtps_c;rosidl_typesupport_introspection_c
-- Using all available rosidl_typesupport_cpp: rosidl_typesupport_fastrtps_cpp;rosidl_typesupport_introspection_cpp
-- Found rosidl_default_generators: 1.2.0 (/opt/ros/humble/share/rosidl_default_generators/cmake)
-- Found std_msgs: 4.2.4 (/opt/ros/humble/share/std_msgs/cmake)
-- Found geometry_msgs: 4.2.4 (/opt/ros/humble/share/geometry_msgs/cmake)
-- Found nav_msgs: 4.2.4 (/opt/ros/humble/share/nav_msgs/cmake)
-- Found ament_lint_auto: 0.12.11 (/opt/ros/humble/share/ament_lint_auto/cmake)
-- Found ament_cmake_cppcheck: 0.12.11 (/opt/ros/humble/share/ament_cmake_cppcheck/cmake)
-- Found ament_cmake_cpplint: 0.12.11 (/opt/ros/humble/share/ament_cmake_cpplint/cmake)
-- Found ament_cmake_uncrustify: 0.12.11 (/opt/ros/humble/share/ament_cmake_uncrustify/cmake)
-- Found ament_cmake_ros: 0.10.0 (/opt/ros/humble/share/ament_cmake_ros/cmake)
-- Using all available rosidl_typesupport_c: rosidl_typesupport_fastrtps_c;rosidl_typesupport_introspection_c
-- Using all available rosidl_typesupport_cpp: rosidl_typesupport_fastrtps_cpp;rosidl_typesupport_introspection_cpp
-- Found PythonInterp: /usr/bin/python3 (found suitable version "3.10.12", minimum required is "3.6") 
-- Found python_cmake_module: 0.10.0 (/opt/ros/humble/share/python_cmake_module/cmake)
-- Found PythonLibs: /usr/lib/x86_64-linux-gnu/libpython3.10.so (found suitable version "3.10.12", minimum required is "3.5") 
-- Using PYTHON_EXECUTABLE: /usr/bin/python3
-- Using PYTHON_INCLUDE_DIRS: /usr/include/python3.10
-- Using PYTHON_LIBRARIES: /usr/lib/x86_64-linux-gnu/libpython3.10.so
-- Found PythonExtra: .so  
-- Found ament_cmake_flake8: 0.12.11 (/opt/ros/humble/share/ament_cmake_flake8/cmake)
-- Found ament_cmake_pep257: 0.12.11 (/opt/ros/humble/share/ament_cmake_pep257/cmake)
-- Added test 'cppcheck' to perform static code analysis on C / C++ code
-- Configured cppcheck include dirs: $<BUILD_INTERFACE:/home/yasmin-nunes/fs_msgs/build/fs_msgs/rosidl_generator_c>;$<BUILD_INTERFACE:/home/yasmin-nunes/fs_msgs/build/fs_msgs/rosidl_typesupport_fastrtps_c>;$<BUILD_INTERFACE:/home/yasmin-nunes/fs_msgs/build/fs_msgs/rosidl_generator_cpp>;$<BUILD_INTERFACE:/home/yasmin-nunes/fs_msgs/build/fs_msgs/rosidl_typesupport_fastrtps_cpp>;$<BUILD_INTERFACE:/home/yasmin-nunes/fs_msgs/build/fs_msgs/rosidl_typesupport_introspection_c>;$<BUILD_INTERFACE:/home/yasmin-nunes/fs_msgs/build/fs_msgs/rosidl_typesupport_introspection_cpp>;/home/yasmin-nunes/fs_msgs/build/fs_msgs/rosidl_generator_c;/home/yasmin-nunes/fs_msgs/build/fs_msgs/rosidl_generator_py
-- Configured cppcheck exclude dirs and/or files: 
-- Added test 'cpplint' to check C / C++ code against the Google style
-- Configured cpplint exclude dirs and/or files: 
-- Added test 'uncrustify' to check C / C++ code style
-- Configured uncrustify additional arguments: 
-- Added test 'flake8' to check Python code syntax and style conventions
-- Added test 'pep257' to check Python code against some of the docstring style conventions in PEP 257
-- Configuring done
-- Generating done
-- Build files have been written to: /home/yasmin-nunes/fs_msgs/build/fs_msgs
[  1%] [34m[1mGenerating C code for ROS interfaces[0m
[  2%] [34m[1mGenerating C++ code for ROS interfaces[0m
[  2%] Built target ament_cmake_python_copy_fs_msgs
running egg_info
creating fs_msgs.egg-info
writing fs_msgs.egg-info/PKG-INFO
writing dependency_links to fs_msgs.egg-info/dependency_links.txt
writing top-level names to fs_msgs.egg-info/top_level.txt
writing manifest file 'fs_msgs.egg-info/SOURCES.txt'
reading manifest file 'fs_msgs.egg-info/SOURCES.txt'
writing manifest file 'fs_msgs.egg-info/SOURCES.txt'
[  2%] Built target ament_cmake_python_build_fs_msgs_egg
[  2%] Built target fs_msgs__cpp
[  3%] [34m[1mGenerating C++ type support dispatch for ROS interfaces[0m
[  4%] [34m[1mGenerating C++ type support for eProsima Fast-RTPS[0m
[  5%] [34m[1mGenerating C++ introspection for ROS interfaces[0m
[  6%] [32mBuilding C object CMakeFiles/fs_msgs__rosidl_generator_c.dir/rosidl_generator_c/fs_msgs/msg/detail/control_command__functions.c.o[0m
[  7%] [32mBuilding C object CMakeFiles/fs_msgs__rosidl_generator_c.dir/rosidl_generator_c/fs_msgs/msg/detail/finished_signal__functions.c.o[0m
[  8%] [32mBuilding C object CMakeFiles/fs_msgs__rosidl_generator_c.dir/rosidl_generator_c/fs_msgs/msg/detail/go_signal__functions.c.o[0m
[  9%] [32mBuilding C object CMakeFiles/fs_msgs__rosidl_generator_c.dir/rosidl_generator_c/fs_msgs/msg/detail/track__functions.c.o[0m
[ 10%] [32mBuilding C object CMakeFiles/fs_msgs__rosidl_generator_c.dir/rosidl_generator_c/fs_msgs/msg/detail/cone__functions.c.o[0m
[ 11%] [32mBuilding C object CMakeFiles/fs_msgs__rosidl_generator_c.dir/rosidl_generator_c/fs_msgs/msg/detail/extra_info__functions.c.o[0m
[ 12%] [32mBuilding C object CMakeFiles/fs_msgs__rosidl_generator_c.dir/rosidl_generator_c/fs_msgs/msg/detail/wheel_states__functions.c.o[0m
[ 13%] [32mBuilding C object CMakeFiles/fs_msgs__rosidl_generator_c.dir/rosidl_generator_c/fs_msgs/msg/detail/motion__functions.c.o[0m
[ 14%] [32mBuilding C object CMakeFiles/fs_msgs__rosidl_generator_c.dir/rosidl_generator_c/fs_msgs/srv/detail/reset__functions.c.o[0m
[ 15%] [32mBuilding CXX object CMakeFiles/fs_msgs__rosidl_typesupport_cpp.dir/rosidl_typesupport_cpp/fs_msgs/msg/control_command__type_support.cpp.o[0m
[ 16%] [32m[1mLinking C shared library libfs_msgs__rosidl_generator_c.so[0m
[ 16%] Built target fs_msgs__rosidl_generator_c
[ 17%] [34m[1mGenerating C type support for eProsima Fast-RTPS[0m
[ 18%] [32mBuilding CXX object CMakeFiles/fs_msgs__rosidl_typesupport_introspection_cpp.dir/rosidl_typesupport_introspection_cpp/fs_msgs/msg/detail/control_command__type_support.cpp.o[0m
[ 20%] [32mBuilding CXX object CMakeFiles/fs_msgs__rosidl_typesupport_fastrtps_cpp.dir/rosidl_typesupport_fastrtps_cpp/fs_msgs/msg/detail/dds_fastrtps/control_command__type_support.cpp.o[0m
[ 21%] [32mBuilding CXX object CMakeFiles/fs_msgs__rosidl_typesupport_cpp.dir/rosidl_typesupport_cpp/fs_msgs/msg/finished_signal__type_support.cpp.o[0m
[ 22%] [32mBuilding CXX object CMakeFiles/fs_msgs__rosidl_typesupport_fastrtps_cpp.dir/rosidl_typesupport_fastrtps_cpp/fs_msgs/msg/detail/dds_fastrtps/finished_signal__type_support.cpp.o[0m
[ 23%] [32mBuilding CXX object CMakeFiles/fs_msgs__rosidl_typesupport_introspection_cpp.dir/rosidl_typesupport_introspection_cpp/fs_msgs/msg/detail/finished_signal__type_support.cpp.o[0m
[ 24%] [32mBuilding CXX object CMakeFiles/fs_msgs__rosidl_typesupport_cpp.dir/rosidl_typesupport_cpp/fs_msgs/msg/go_signal__type_support.cpp.o[0m
[ 25%] [32mBuilding CXX object CMakeFiles/fs_msgs__rosidl_typesupport_fastrtps_c.dir/rosidl_typesupport_fastrtps_c/fs_msgs/msg/detail/control_command__type_support_c.cpp.o[0m
[ 26%] [32mBuilding CXX object CMakeFiles/fs_msgs__rosidl_typesupport_introspection_cpp.dir/rosidl_typesupport_introspection_cpp/fs_msgs/msg/detail/go_signal__type_support.cpp.o[0m
[ 27%] [32mBuilding CXX object CMakeFiles/fs_msgs__rosidl_typesupport_cpp.dir/rosidl_typesupport_cpp/fs_msgs/msg/track__type_support.cpp.o[0m
[ 28%] [32mBuilding CXX object CMakeFiles/fs_msgs__rosidl_typesupport_fastrtps_cpp.dir/rosidl_typesupport_fastrtps_cpp/fs_msgs/msg/detail/dds_fastrtps/go_signal__type_support.cpp.o[0m
[ 29%] [32mBuilding CXX object CMakeFiles/fs_msgs__rosidl_typesupport_fastrtps_c.dir/rosidl_typesupport_fastrtps_c/fs_msgs/msg/detail/finished_signal__type_support_c.cpp.o[0m
[ 30%] [32mBuilding CXX object CMakeFiles/fs_msgs__rosidl_typesupport_cpp.dir/rosidl_typesupport_cpp/fs_msgs/msg/cone__type_support.cpp.o[0m
[ 31%] [32mBuilding CXX object CMakeFiles/fs_msgs__rosidl_typesupport_introspection_cpp.dir/rosidl_typesupport_introspection_cpp/fs_msgs/msg/detail/track__type_support.cpp.o[0m
[ 32%] [32mBuilding CXX object CMakeFiles/fs_msgs__rosidl_typesupport_fastrtps_cpp.dir/rosidl_typesupport_fastrtps_cpp/fs_msgs/msg/detail/dds_fastrtps/track__type_support.cpp.o[0m
[ 33%] [32mBuilding CXX object CMakeFiles/fs_msgs__rosidl_typesupport_fastrtps_c.dir/rosidl_typesupport_fastrtps_c/fs_msgs/msg/detail/go_signal__type_support_c.cpp.o[0m
[ 34%] [32mBuilding CXX object CMakeFiles/fs_msgs__rosidl_typesupport_cpp.dir/rosidl_typesupport_cpp/fs_msgs/msg/extra_info__type_support.cpp.o[0m
[ 35%] [32mBuilding CXX object CMakeFiles/fs_msgs__rosidl_typesupport_introspection_cpp.dir/rosidl_typesupport_introspection_cpp/fs_msgs/msg/detail/cone__type_support.cpp.o[0m
[ 36%] [32mBuilding CXX object CMakeFiles/fs_msgs__rosidl_typesupport_fastrtps_c.dir/rosidl_typesupport_fastrtps_c/fs_msgs/msg/detail/track__type_support_c.cpp.o[0m
[ 37%] [32mBuilding CXX object CMakeFiles/fs_msgs__rosidl_typesupport_cpp.dir/rosidl_typesupport_cpp/fs_msgs/msg/wheel_states__type_support.cpp.o[0m
[ 38%] [32mBuilding CXX object CMakeFiles/fs_msgs__rosidl_typesupport_fastrtps_cpp.dir/rosidl_typesupport_fastrtps_cpp/fs_msgs/msg/detail/dds_fastrtps/cone__type_support.cpp.o[0m
[ 40%] [32mBuilding CXX object CMakeFiles/fs_msgs__rosidl_typesupport_fastrtps_c.dir/rosidl_typesupport_fastrtps_c/fs_msgs/msg/detail/cone__type_support_c.cpp.o[0m
[ 41%] [32mBuilding CXX object CMakeFiles/fs_msgs__rosidl_typesupport_cpp.dir/rosidl_typesupport_cpp/fs_msgs/msg/motion__type_support.cpp.o[0m
[ 42%] [32mBuilding CXX object CMakeFiles/fs_msgs__rosidl_typesupport_introspection_cpp.dir/rosidl_typesupport_introspection_cpp/fs_msgs/msg/detail/extra_info__type_support.cpp.o[0m
[ 43%] [32mBuilding CXX object CMakeFiles/fs_msgs__rosidl_typesupport_fastrtps_cpp.dir/rosidl_typesupport_fastrtps_cpp/fs_msgs/msg/detail/dds_fastrtps/extra_info__type_support.cpp.o[0m
[ 44%] [32mBuilding CXX object CMakeFiles/fs_msgs__rosidl_typesupport_cpp.dir/rosidl_typesupport_cpp/fs_msgs/srv/reset__type_support.cpp.o[0m
[ 45%] [32mBuilding CXX object CMakeFiles/fs_msgs__rosidl_typesupport_fastrtps_c.dir/rosidl_typesupport_fastrtps_c/fs_msgs/msg/detail/extra_info__type_support_c.cpp.o[0m
[ 46%] [32mBuilding CXX object CMakeFiles/fs_msgs__rosidl_typesupport_introspection_cpp.dir/rosidl_typesupport_introspection_cpp/fs_msgs/msg/detail/wheel_states__type_support.cpp.o[0m
[ 47%] [32m[1mLinking CXX shared library libfs_msgs__rosidl_typesupport_cpp.so[0m
[ 48%] [32mBuilding CXX object CMakeFiles/fs_msgs__rosidl_typesupport_fastrtps_cpp.dir/rosidl_typesupport_fastrtps_cpp/fs_msgs/msg/detail/dds_fastrtps/wheel_states__type_support.cpp.o[0m
[ 49%] [32mBuilding CXX object CMakeFiles/fs_msgs__rosidl_typesupport_fastrtps_c.dir/rosidl_typesupport_fastrtps_c/fs_msgs/msg/detail/wheel_states__type_support_c.cpp.o[0m
[ 49%] Built target fs_msgs__rosidl_typesupport_cpp
[ 50%] [32mBuilding CXX object CMakeFiles/fs_msgs__rosidl_typesupport_introspection_cpp.dir/rosidl_typesupport_introspection_cpp/fs_msgs/msg/detail/motion__type_support.cpp.o[0m
[ 51%] [32mBuilding CXX object CMakeFiles/fs_msgs__rosidl_typesupport_fastrtps_cpp.dir/rosidl_typesupport_fastrtps_cpp/fs_msgs/msg/detail/dds_fastrtps/motion__type_support.cpp.o[0m
[ 52%] [32mBuilding CXX object CMakeFiles/fs_msgs__rosidl_typesupport_fastrtps_c.dir/rosidl_typesupport_fastrtps_c/fs_msgs/msg/detail/motion__type_support_c.cpp.o[0m
[ 53%] [32mBuilding CXX object CMakeFiles/fs_msgs__rosidl_typesupport_fastrtps_c.dir/rosidl_typesupport_fastrtps_c/fs_msgs/srv/detail/reset__type_support_c.cpp.o[0m
[ 54%] [32mBuilding CXX object CMakeFiles/fs_msgs__rosidl_typesupport_introspection_cpp.dir/rosidl_typesupport_introspection_cpp/fs_msgs/srv/detail/reset__type_support.cpp.o[0m
[ 55%] [32mBuilding CXX object CMakeFiles/fs_msgs__rosidl_typesupport_fastrtps_cpp.dir/rosidl_typesupport_fastrtps_cpp/fs_msgs/srv/detail/dds_fastrtps/reset__type_support.cpp.o[0m
[ 56%] [34m[1mGenerating C introspection for ROS interfaces[0m
[ 57%] [32m[1mLinking CXX shared library libfs_msgs__rosidl_typesupport_fastrtps_c.so[0m
[ 57%] Built target fs_msgs__rosidl_typesupport_fastrtps_c
[ 58%] [32m[1mLinking CXX shared library libfs_msgs__rosidl_typesupport_introspection_cpp.so[0m
[ 60%] [34m[1mGenerating C type support dispatch for ROS interfaces[0m
[ 60%] Built target fs_msgs__rosidl_typesupport_introspection_cpp
[ 61%] [32m[1mLinking CXX shared library libfs_msgs__rosidl_typesupport_fastrtps_cpp.so[0m
[ 61%] Built target fs_msgs__rosidl_typesupport_fastrtps_cpp
[ 62%] [32mBuilding C object CMakeFiles/fs_msgs__rosidl_typesupport_introspection_c.dir/rosidl_typesupport_introspection_c/fs_msgs/msg/detail/go_signal__type_support.c.o[0m
[ 63%] [32mBuilding C object CMakeFiles/fs_msgs__rosidl_typesupport_introspection_c.dir/rosidl_typesupport_introspection_c/fs_msgs/msg/detail/finished_signal__type_support.c.o[0m
[ 64%] [32mBuilding C object CMakeFiles/fs_msgs__rosidl_typesupport_introspection_c.dir/rosidl_typesupport_introspection_c/fs_msgs/msg/detail/control_command__type_support.c.o[0m
[ 65%] [32mBuilding C object CMakeFiles/fs_msgs__rosidl_typesupport_introspection_c.dir/rosidl_typesupport_introspection_c/fs_msgs/msg/detail/extra_info__type_support.c.o[0m
[ 66%] [32mBuilding C object CMakeFiles/fs_msgs__rosidl_typesupport_introspection_c.dir/rosidl_typesupport_introspection_c/fs_msgs/msg/detail/cone__type_support.c.o[0m
[ 67%] [32mBuilding C object CMakeFiles/fs_msgs__rosidl_typesupport_introspection_c.dir/rosidl_typesupport_introspection_c/fs_msgs/msg/detail/track__type_support.c.o[0m
[ 68%] [32mBuilding CXX object CMakeFiles/fs_msgs__rosidl_typesupport_c.dir/rosidl_typesupport_c/fs_msgs/msg/control_command__type_support.cpp.o[0m
[ 69%] [32mBuilding CXX object CMakeFiles/fs_msgs__rosidl_typesupport_c.dir/rosidl_typesupport_c/fs_msgs/msg/finished_signal__type_support.cpp.o[0m
[ 70%] [32mBuilding C object CMakeFiles/fs_msgs__rosidl_typesupport_introspection_c.dir/rosidl_typesupport_introspection_c/fs_msgs/msg/detail/wheel_states__type_support.c.o[0m
[ 71%] [32mBuilding CXX object CMakeFiles/fs_msgs__rosidl_typesupport_c.dir/rosidl_typesupport_c/fs_msgs/msg/go_signal__type_support.cpp.o[0m
[ 72%] [32mBuilding CXX object CMakeFiles/fs_msgs__rosidl_typesupport_c.dir/rosidl_typesupport_c/fs_msgs/msg/track__type_support.cpp.o[0m
[ 73%] [32mBuilding CXX object CMakeFiles/fs_msgs__rosidl_typesupport_c.dir/rosidl_typesupport_c/fs_msgs/msg/cone__type_support.cpp.o[0m
[ 74%] [32mBuilding CXX object CMakeFiles/fs_msgs__rosidl_typesupport_c.dir/rosidl_typesupport_c/fs_msgs/msg/extra_info__type_support.cpp.o[0m
[ 75%] [32mBuilding C object CMakeFiles/fs_msgs__rosidl_typesupport_introspection_c.dir/rosidl_typesupport_introspection_c/fs_msgs/msg/detail/motion__type_support.c.o[0m
[ 76%] [32mBuilding CXX object CMakeFiles/fs_msgs__rosidl_typesupport_c.dir/rosidl_typesupport_c/fs_msgs/msg/wheel_states__type_support.cpp.o[0m
[ 77%] [32mBuilding CXX object CMakeFiles/fs_msgs__rosidl_typesupport_c.dir/rosidl_typesupport_c/fs_msgs/msg/motion__type_support.cpp.o[0m
[ 78%] [32mBuilding CXX object CMakeFiles/fs_msgs__rosidl_typesupport_c.dir/rosidl_typesupport_c/fs_msgs/srv/reset__type_support.cpp.o[0m
[ 80%] [32mBuilding C object CMakeFiles/fs_msgs__rosidl_typesupport_introspection_c.dir/rosidl_typesupport_introspection_c/fs_msgs/srv/detail/reset__type_support.c.o[0m
[ 81%] [32m[1mLinking CXX shared library libfs_msgs__rosidl_typesupport_c.so[0m
[ 82%] [32m[1mLinking C shared library libfs_msgs__rosidl_typesupport_introspection_c.so[0m
[ 82%] Built target fs_msgs__rosidl_typesupport_c
[ 82%] Built target fs_msgs__rosidl_typesupport_introspection_c
[ 82%] Built target fs_msgs
[ 83%] [34m[1mGenerating Python code for ROS interfaces[0m
[ 83%] Built target fs_msgs__py
[ 85%] [32mBuilding C object CMakeFiles/fs_msgs__rosidl_generator_py.dir/rosidl_generator_py/fs_msgs/msg/_finished_signal_s.c.o[0m
[ 85%] [32mBuilding C object CMakeFiles/fs_msgs__rosidl_generator_py.dir/rosidl_generator_py/fs_msgs/msg/_control_command_s.c.o[0m
[ 86%] [32mBuilding C object CMakeFiles/fs_msgs__rosidl_generator_py.dir/rosidl_generator_py/fs_msgs/msg/_track_s.c.o[0m
[ 87%] [32mBuilding C object CMakeFiles/fs_msgs__rosidl_generator_py.dir/rosidl_generator_py/fs_msgs/msg/_go_signal_s.c.o[0m
[ 90%] [32mBuilding C object CMakeFiles/fs_msgs__rosidl_generator_py.dir/rosidl_generator_py/fs_msgs/msg/_cone_s.c.o[0m
[ 90%] [32mBuilding C object CMakeFiles/fs_msgs__rosidl_generator_py.dir/rosidl_generator_py/fs_msgs/msg/_wheel_states_s.c.o[0m
[ 90%] [32mBuilding C object CMakeFiles/fs_msgs__rosidl_generator_py.dir/rosidl_generator_py/fs_msgs/msg/_extra_info_s.c.o[0m
[ 91%] [32mBuilding C object CMakeFiles/fs_msgs__rosidl_generator_py.dir/rosidl_generator_py/fs_msgs/msg/_motion_s.c.o[0m
[ 92%] [32mBuilding C object CMakeFiles/fs_msgs__rosidl_generator_py.dir/rosidl_generator_py/fs_msgs/srv/_reset_s.c.o[0m
[ 93%] [32m[1mLinking C shared library rosidl_generator_py/fs_msgs/libfs_msgs__rosidl_generator_py.so[0m
[ 93%] Built target fs_msgs__rosidl_generator_py
[ 94%] [32mBuilding C object CMakeFiles/fs_msgs__rosidl_typesupport_c__pyext.dir/rosidl_generator_py/fs_msgs/_fs_msgs_s.ep.rosidl_typesupport_c.c.o[0m
[ 95%] [32mBuilding C object CMakeFiles/fs_msgs__rosidl_typesupport_introspection_c__pyext.dir/rosidl_generator_py/fs_msgs/_fs_msgs_s.ep.rosidl_typesupport_introspection_c.c.o[0m
[ 96%] [32mBuilding C object CMakeFiles/fs_msgs__rosidl_typesupport_fastrtps_c__pyext.dir/rosidl_generator_py/fs_msgs/_fs_msgs_s.ep.rosidl_typesupport_fastrtps_c.c.o[0m
[ 97%] [32m[1mLinking C shared library rosidl_generator_py/fs_msgs/fs_msgs_s__rosidl_typesupport_introspection_c.cpython-310-x86_64-linux-gnu.so[0m
[ 98%] [32m[1mLinking C shared library rosidl_generator_py/fs_msgs/fs_msgs_s__rosidl_typesupport_c.cpython-310-x86_64-linux-gnu.so[0m
[100%] [32m[1mLinking C shared library rosidl_generator_py/fs_msgs/fs_msgs_s__rosidl_typesupport_fastrtps_c.cpython-310-x86_64-linux-gnu.so[0m
[100%] Built target fs_msgs__rosidl_typesupport_introspection_c__pyext
[100%] Built target fs_msgs__rosidl_typesupport_c__pyext
[100%] Built target fs_msgs__rosidl_typesupport_fastrtps_c__pyext
-- Install configuration: ""
-- Installing: /home/yasmin-nunes/fs_msgs/install/fs_msgs/share/ament_index/resource_index/rosidl_interfaces/fs_msgs
-- Installing: /home/yasmin-nunes/fs_msgs/install/fs_msgs/include/fs_msgs/fs_msgs
-- Installing: /home/yasmin-nunes/fs_msgs/install/fs_msgs/include/fs_msgs/fs_msgs/srv
-- Installing: /home/yasmin-nunes/fs_msgs/install/fs_msgs/include/fs_msgs/fs_msgs/srv/reset.h
-- Installing: /home/yasmin-nunes/fs_msgs/install/fs_msgs/include/fs_msgs/fs_msgs/srv/detail
-- Installing: /home/yasmin-nunes/fs_msgs/install/fs_msgs/include/fs_msgs/fs_msgs/srv/detail/reset__struct.h
-- Installing: /home/yasmin-nunes/fs_msgs/install/fs_msgs/include/fs_msgs/fs_msgs/srv/detail/reset__type_support.h
-- Installing: /home/yasmin-nunes/fs_msgs/install/fs_msgs/include/fs_msgs/fs_msgs/srv/detail/reset__functions.c
-- Installing: /home/yasmin-nunes/fs_msgs/install/fs_msgs/include/fs_msgs/fs_msgs/srv/detail/reset__functions.h
-- Installing: /home/yasmin-nunes/fs_msgs/install/fs_msgs/include/fs_msgs/fs_msgs/msg
-- Installing: /home/yasmin-nunes/fs_msgs/install/fs_msgs/include/fs_msgs/fs_msgs/msg/go_signal.h
-- Installing: /home/yasmin-nunes/fs_msgs/install/fs_msgs/include/fs_msgs/fs_msgs/msg/motion.h
-- Installing: /home/yasmin-nunes/fs_msgs/install/fs_msgs/include/fs_msgs/fs_msgs/msg/cone.h
-- Installing: /home/yasmin-nunes/fs_msgs/install/fs_msgs/include/fs_msgs/fs_msgs/msg/rosidl_generator_c__visibility_control.h
-- Installing: /home/yasmin-nunes/fs_msgs/install/fs_msgs/include/fs_msgs/fs_msgs/msg/finished_signal.h
-- Installing: /home/yasmin-nunes/fs_msgs/install/fs_msgs/include/fs_msgs/fs_msgs/msg/wheel_states.h
-- Installing: /home/yasmin-nunes/fs_msgs/install/fs_msgs/include/fs_msgs/fs_msgs/msg/extra_info.h
-- Installing: /home/yasmin-nunes/fs_msgs/install/fs_msgs/include/fs_msgs/fs_msgs/msg/detail
-- Installing: /home/yasmin-nunes/fs_msgs/install/fs_msgs/include/fs_msgs/fs_msgs/msg/detail/cone__type_support.h
-- Installing: /home/yasmin-nunes/fs_msgs/install/fs_msgs/include/fs_msgs/fs_msgs/msg/detail/cone__functions.h
-- Installing: /home/yasmin-nunes/fs_msgs/install/fs_msgs/include/fs_msgs/fs_msgs/msg/detail/wheel_states__type_support.h
-- Installing: /home/yasmin-nunes/fs_msgs/install/fs_msgs/include/fs_msgs/fs_msgs/msg/detail/motion__type_support.h
-- Installing: /home/yasmin-nunes/fs_msgs/install/fs_msgs/include/fs_msgs/fs_msgs/msg/detail/control_command__functions.c
-- Installing: /home/yasmin-nunes/fs_msgs/install/fs_msgs/include/fs_msgs/fs_msgs/msg/detail/track__functions.h
-- Installing: /home/yasmin-nunes/fs_msgs/install/fs_msgs/include/fs_msgs/fs_msgs/msg/detail/extra_info__struct.h
-- Installing: /home/yasmin-nunes/fs_msgs/install/fs_msgs/include/fs_msgs/fs_msgs/msg/detail/motion__functions.c
-- Installing: /home/yasmin-nunes/fs_msgs/install/fs_msgs/include/fs_msgs/fs_msgs/msg/detail/control_command__type_support.h
-- Installing: /home/yasmin-nunes/fs_msgs/install/fs_msgs/include/fs_msgs/fs_msgs/msg/detail/finished_signal__struct.h
-- Installing: /home/yasmin-nunes/fs_msgs/install/fs_msgs/include/fs_msgs/fs_msgs/msg/detail/finished_signal__functions.c
-- Installing: /home/yasmin-nunes/fs_msgs/install/fs_msgs/include/fs_msgs/fs_msgs/msg/detail/control_command__struct.h
-- Installing: /home/yasmin-nunes/fs_msgs/install/fs_msgs/include/fs_msgs/fs_msgs/msg/detail/go_signal__functions.h
-- Installing: /home/yasmin-nunes/fs_msgs/install/fs_msgs/include/fs_msgs/fs_msgs/msg/detail/go_signal__functions.c
-- Installing: /home/yasmin-nunes/fs_msgs/install/fs_msgs/include/fs_msgs/fs_msgs/msg/detail/wheel_states__struct.h
-- Installing: /home/yasmin-nunes/fs_msgs/install/fs_msgs/include/fs_msgs/fs_msgs/msg/detail/track__struct.h
-- Installing: /home/yasmin-nunes/fs_msgs/install/fs_msgs/include/fs_msgs/fs_msgs/msg/detail/track__functions.c
-- Installing: /home/yasmin-nunes/fs_msgs/install/fs_msgs/include/fs_msgs/fs_msgs/msg/detail/track__type_support.h
-- Installing: /home/yasmin-nunes/fs_msgs/install/fs_msgs/include/fs_msgs/fs_msgs/msg/detail/extra_info__functions.c
-- Installing: /home/yasmin-nunes/fs_msgs/install/fs_msgs/include/fs_msgs/fs_msgs/msg/detail/wheel_states__functions.c
-- Installing: /home/yasmin-nunes/fs_msgs/install/fs_msgs/include/fs_msgs/fs_msgs/msg/detail/cone__struct.h
-- Installing: /home/yasmin-nunes/fs_msgs/install/fs_msgs/include/fs_msgs/fs_msgs/msg/detail/control_command__functions.h
-- Installing: /home/yasmin-nunes/fs_msgs/install/fs_msgs/include/fs_msgs/fs_msgs/msg/detail/finished_signal__type_support.h
-- Installing: /home/yasmin-nunes/fs_msgs/install/fs_msgs/include/fs_msgs/fs_msgs/msg/detail/go_signal__type_support.h
-- Installing: /home/yasmin-nunes/fs_msgs/install/fs_msgs/include/fs_msgs/fs_msgs/msg/detail/extra_info__type_support.h
-- Installing: /home/yasmin-nunes/fs_msgs/install/fs_msgs/include/fs_msgs/fs_msgs/msg/detail/motion__functions.h
-- Installing: /home/yasmin-nunes/fs_msgs/install/fs_msgs/include/fs_msgs/fs_msgs/msg/detail/cone__functions.c
-- Installing: /home/yasmin-nunes/fs_msgs/install/fs_msgs/include/fs_msgs/fs_msgs/msg/detail/wheel_states__functions.h
-- Installing: /home/yasmin-nunes/fs_msgs/install/fs_msgs/include/fs_msgs/fs_msgs/msg/detail/go_signal__struct.h
-- Installing: /home/yasmin-nunes/fs_msgs/install/fs_msgs/include/fs_msgs/fs_msgs/msg/detail/motion__struct.h
-- Installing: /home/yasmin-nunes/fs_msgs/install/fs_msgs/include/fs_msgs/fs_msgs/msg/detail/extra_info__functions.h
-- Installing: /home/yasmin-nunes/fs_msgs/install/fs_msgs/include/fs_msgs/fs_msgs/msg/detail/finished_signal__functions.h
-- Installing: /home/yasmin-nunes/fs_msgs/install/fs_msgs/include/fs_msgs/fs_msgs/msg/track.h
-- Installing: /home/yasmin-nunes/fs_msgs/install/fs_msgs/include/fs_msgs/fs_msgs/msg/control_command.h
-- Installing: /home/yasmin-nunes/fs_msgs/install/fs_msgs/share/fs_msgs/environment/library_path.sh
-- Installing: /home/yasmin-nunes/fs_msgs/install/fs_msgs/share/fs_msgs/environment/library_path.dsv
-- Installing: /home/yasmin-nunes/fs_msgs/install/fs_msgs/lib/libfs_msgs__rosidl_generator_c.so
-- Set runtime path of "/home/yasmin-nunes/fs_msgs/install/fs_msgs/lib/libfs_msgs__rosidl_generator_c.so" to ""
-- Up-to-date: /home/yasmin-nunes/fs_msgs/install/fs_msgs/include/fs_msgs/fs_msgs
-- Up-to-date: /home/yasmin-nunes/fs_msgs/install/fs_msgs/include/fs_msgs/fs_msgs/srv
-- Up-to-date: /home/yasmin-nunes/fs_msgs/install/fs_msgs/include/fs_msgs/fs_msgs/srv/detail
-- Installing: /home/yasmin-nunes/fs_msgs/install/fs_msgs/include/fs_msgs/fs_msgs/srv/detail/reset__rosidl_typesupport_fastrtps_c.h
-- Up-to-date: /home/yasmin-nunes/fs_msgs/install/fs_msgs/include/fs_msgs/fs_msgs/msg
-- Up-to-date: /home/yasmin-nunes/fs_msgs/install/fs_msgs/include/fs_msgs/fs_msgs/msg/detail
-- Installing: /home/yasmin-nunes/fs_msgs/install/fs_msgs/include/fs_msgs/fs_msgs/msg/detail/track__rosidl_typesupport_fastrtps_c.h
-- Installing: /home/yasmin-nunes/fs_msgs/install/fs_msgs/include/fs_msgs/fs_msgs/msg/detail/wheel_states__rosidl_typesupport_fastrtps_c.h
-- Installing: /home/yasmin-nunes/fs_msgs/install/fs_msgs/include/fs_msgs/fs_msgs/msg/detail/control_command__rosidl_typesupport_fastrtps_c.h
-- Installing: /home/yasmin-nunes/fs_msgs/install/fs_msgs/include/fs_msgs/fs_msgs/msg/detail/extra_info__rosidl_typesupport_fastrtps_c.h
-- Installing: /home/yasmin-nunes/fs_msgs/install/fs_msgs/include/fs_msgs/fs_msgs/msg/detail/finished_signal__rosidl_typesupport_fastrtps_c.h
-- Installing: /home/yasmin-nunes/fs_msgs/install/fs_msgs/include/fs_msgs/fs_msgs/msg/detail/motion__rosidl_typesupport_fastrtps_c.h
-- Installing: /home/yasmin-nunes/fs_msgs/install/fs_msgs/include/fs_msgs/fs_msgs/msg/detail/cone__rosidl_typesupport_fastrtps_c.h
-- Installing: /home/yasmin-nunes/fs_msgs/install/fs_msgs/include/fs_msgs/fs_msgs/msg/detail/go_signal__rosidl_typesupport_fastrtps_c.h
-- Installing: /home/yasmin-nunes/fs_msgs/install/fs_msgs/include/fs_msgs/fs_msgs/msg/rosidl_typesupport_fastrtps_c__visibility_control.h
-- Installing: /home/yasmin-nunes/fs_msgs/install/fs_msgs/lib/libfs_msgs__rosidl_typesupport_fastrtps_c.so
-- Set runtime path of "/home/yasmin-nunes/fs_msgs/install/fs_msgs/lib/libfs_msgs__rosidl_typesupport_fastrtps_c.so" to ""
-- Up-to-date: /home/yasmin-nunes/fs_msgs/install/fs_msgs/include/fs_msgs/fs_msgs
-- Up-to-date: /home/yasmin-nunes/fs_msgs/install/fs_msgs/include/fs_msgs/fs_msgs/srv
-- Installing: /home/yasmin-nunes/fs_msgs/install/fs_msgs/include/fs_msgs/fs_msgs/srv/reset.hpp
-- Up-to-date: /home/yasmin-nunes/fs_msgs/install/fs_msgs/include/fs_msgs/fs_msgs/srv/detail
-- Installing: /home/yasmin-nunes/fs_msgs/install/fs_msgs/include/fs_msgs/fs_msgs/srv/detail/reset__builder.hpp
-- Installing: /home/yasmin-nunes/fs_msgs/install/fs_msgs/include/fs_msgs/fs_msgs/srv/detail/reset__struct.hpp
-- Installing: /home/yasmin-nunes/fs_msgs/install/fs_msgs/include/fs_msgs/fs_msgs/srv/detail/reset__traits.hpp
-- Up-to-date: /home/yasmin-nunes/fs_msgs/install/fs_msgs/include/fs_msgs/fs_msgs/msg
-- Installing: /home/yasmin-nunes/fs_msgs/install/fs_msgs/include/fs_msgs/fs_msgs/msg/finished_signal.hpp
-- Installing: /home/yasmin-nunes/fs_msgs/install/fs_msgs/include/fs_msgs/fs_msgs/msg/wheel_states.hpp
-- Installing: /home/yasmin-nunes/fs_msgs/install/fs_msgs/include/fs_msgs/fs_msgs/msg/motion.hpp
-- Installing: /home/yasmin-nunes/fs_msgs/install/fs_msgs/include/fs_msgs/fs_msgs/msg/track.hpp
-- Installing: /home/yasmin-nunes/fs_msgs/install/fs_msgs/include/fs_msgs/fs_msgs/msg/go_signal.hpp
-- Up-to-date: /home/yasmin-nunes/fs_msgs/install/fs_msgs/include/fs_msgs/fs_msgs/msg/detail
-- Installing: /home/yasmin-nunes/fs_msgs/install/fs_msgs/include/fs_msgs/fs_msgs/msg/detail/finished_signal__traits.hpp
-- Installing: /home/yasmin-nunes/fs_msgs/install/fs_msgs/include/fs_msgs/fs_msgs/msg/detail/control_command__traits.hpp
-- Installing: /home/yasmin-nunes/fs_msgs/install/fs_msgs/include/fs_msgs/fs_msgs/msg/detail/go_signal__struct.hpp
-- Installing: /home/yasmin-nunes/fs_msgs/install/fs_msgs/include/fs_msgs/fs_msgs/msg/detail/track__builder.hpp
-- Installing: /home/yasmin-nunes/fs_msgs/install/fs_msgs/include/fs_msgs/fs_msgs/msg/detail/cone__struct.hpp
-- Installing: /home/yasmin-nunes/fs_msgs/install/fs_msgs/include/fs_msgs/fs_msgs/msg/detail/motion__struct.hpp
-- Installing: /home/yasmin-nunes/fs_msgs/install/fs_msgs/include/fs_msgs/fs_msgs/msg/detail/wheel_states__builder.hpp
-- Installing: /home/yasmin-nunes/fs_msgs/install/fs_msgs/include/fs_msgs/fs_msgs/msg/detail/motion__traits.hpp
-- Installing: /home/yasmin-nunes/fs_msgs/install/fs_msgs/include/fs_msgs/fs_msgs/msg/detail/extra_info__builder.hpp
-- Installing: /home/yasmin-nunes/fs_msgs/install/fs_msgs/include/fs_msgs/fs_msgs/msg/detail/extra_info__traits.hpp
-- Installing: /home/yasmin-nunes/fs_msgs/install/fs_msgs/include/fs_msgs/fs_msgs/msg/detail/cone__builder.hpp
-- Installing: /home/yasmin-nunes/fs_msgs/install/fs_msgs/include/fs_msgs/fs_msgs/msg/detail/track__traits.hpp
-- Installing: /home/yasmin-nunes/fs_msgs/install/fs_msgs/include/fs_msgs/fs_msgs/msg/detail/go_signal__builder.hpp
-- Installing: /home/yasmin-nunes/fs_msgs/install/fs_msgs/include/fs_msgs/fs_msgs/msg/detail/cone__traits.hpp
-- Installing: /home/yasmin-nunes/fs_msgs/install/fs_msgs/include/fs_msgs/fs_msgs/msg/detail/finished_signal__struct.hpp
-- Installing: /home/yasmin-nunes/fs_msgs/install/fs_msgs/include/fs_msgs/fs_msgs/msg/detail/control_command__builder.hpp
-- Installing: /home/yasmin-nunes/fs_msgs/install/fs_msgs/include/fs_msgs/fs_msgs/msg/detail/go_signal__traits.hpp
-- Installing: /home/yasmin-nunes/fs_msgs/install/fs_msgs/include/fs_msgs/fs_msgs/msg/detail/wheel_states__struct.hpp
-- Installing: /home/yasmin-nunes/fs_msgs/install/fs_msgs/include/fs_msgs/fs_msgs/msg/detail/control_command__struct.hpp
-- Installing: /home/yasmin-nunes/fs_msgs/install/fs_msgs/include/fs_msgs/fs_msgs/msg/detail/wheel_states__traits.hpp
-- Installing: /home/yasmin-nunes/fs_msgs/install/fs_msgs/include/fs_msgs/fs_msgs/msg/detail/extra_info__struct.hpp
-- Installing: /home/yasmin-nunes/fs_msgs/install/fs_msgs/include/fs_msgs/fs_msgs/msg/detail/finished_signal__builder.hpp
-- Installing: /home/yasmin-nunes/fs_msgs/install/fs_msgs/include/fs_msgs/fs_msgs/msg/detail/motion__builder.hpp
-- Installing: /home/yasmin-nunes/fs_msgs/install/fs_msgs/include/fs_msgs/fs_msgs/msg/detail/track__struct.hpp
-- Installing: /home/yasmin-nunes/fs_msgs/install/fs_msgs/include/fs_msgs/fs_msgs/msg/extra_info.hpp
-- Installing: /home/yasmin-nunes/fs_msgs/install/fs_msgs/include/fs_msgs/fs_msgs/msg/cone.hpp
-- Installing: /home/yasmin-nunes/fs_msgs/install/fs_msgs/include/fs_msgs/fs_msgs/msg/control_command.hpp
-- Up-to-date: /home/yasmin-nunes/fs_msgs/install/fs_msgs/include/fs_msgs/fs_msgs
-- Up-to-date: /home/yasmin-nunes/fs_msgs/install/fs_msgs/include/fs_msgs/fs_msgs/srv
-- Up-to-date: /home/yasmin-nunes/fs_msgs/install/fs_msgs/include/fs_msgs/fs_msgs/srv/detail
-- Installing: /home/yasmin-nunes/fs_msgs/install/fs_msgs/include/fs_msgs/fs_msgs/srv/detail/dds_fastrtps
-- Installing: /home/yasmin-nunes/fs_msgs/install/fs_msgs/include/fs_msgs/fs_msgs/srv/detail/reset__rosidl_typesupport_fastrtps_cpp.hpp
-- Up-to-date: /home/yasmin-nunes/fs_msgs/install/fs_msgs/include/fs_msgs/fs_msgs/msg
-- Installing: /home/yasmin-nunes/fs_msgs/install/fs_msgs/include/fs_msgs/fs_msgs/msg/rosidl_typesupport_fastrtps_cpp__visibility_control.h
-- Up-to-date: /home/yasmin-nunes/fs_msgs/install/fs_msgs/include/fs_msgs/fs_msgs/msg/detail
-- Installing: /home/yasmin-nunes/fs_msgs/install/fs_msgs/include/fs_msgs/fs_msgs/msg/detail/motion__rosidl_typesupport_fastrtps_cpp.hpp
-- Installing: /home/yasmin-nunes/fs_msgs/install/fs_msgs/include/fs_msgs/fs_msgs/msg/detail/control_command__rosidl_typesupport_fastrtps_cpp.hpp
-- Installing: /home/yasmin-nunes/fs_msgs/install/fs_msgs/include/fs_msgs/fs_msgs/msg/detail/wheel_states__rosidl_typesupport_fastrtps_cpp.hpp
-- Installing: /home/yasmin-nunes/fs_msgs/install/fs_msgs/include/fs_msgs/fs_msgs/msg/detail/track__rosidl_typesupport_fastrtps_cpp.hpp
-- Installing: /home/yasmin-nunes/fs_msgs/install/fs_msgs/include/fs_msgs/fs_msgs/msg/detail/dds_fastrtps
-- Installing: /home/yasmin-nunes/fs_msgs/install/fs_msgs/include/fs_msgs/fs_msgs/msg/detail/cone__rosidl_typesupport_fastrtps_cpp.hpp
-- Installing: /home/yasmin-nunes/fs_msgs/install/fs_msgs/include/fs_msgs/fs_msgs/msg/detail/extra_info__rosidl_typesupport_fastrtps_cpp.hpp
-- Installing: /home/yasmin-nunes/fs_msgs/install/fs_msgs/include/fs_msgs/fs_msgs/msg/detail/go_signal__rosidl_typesupport_fastrtps_cpp.hpp
-- Installing: /home/yasmin-nunes/fs_msgs/install/fs_msgs/include/fs_msgs/fs_msgs/msg/detail/finished_signal__rosidl_typesupport_fastrtps_cpp.hpp
-- Installing: /home/yasmin-nunes/fs_msgs/install/fs_msgs/lib/libfs_msgs__rosidl_typesupport_fastrtps_cpp.so
-- Set runtime path of "/home/yasmin-nunes/fs_msgs/install/fs_msgs/lib/libfs_msgs__rosidl_typesupport_fastrtps_cpp.so" to ""
-- Up-to-date: /home/yasmin-nunes/fs_msgs/install/fs_msgs/include/fs_msgs/fs_msgs
-- Up-to-date: /home/yasmin-nunes/fs_msgs/install/fs_msgs/include/fs_msgs/fs_msgs/srv
-- Up-to-date: /home/yasmin-nunes/fs_msgs/install/fs_msgs/include/fs_msgs/fs_msgs/srv/detail
-- Installing: /home/yasmin-nunes/fs_msgs/install/fs_msgs/include/fs_msgs/fs_msgs/srv/detail/reset__type_support.c
-- Installing: /home/yasmin-nunes/fs_msgs/install/fs_msgs/include/fs_msgs/fs_msgs/srv/detail/reset__rosidl_typesupport_introspection_c.h
-- Up-to-date: /home/yasmin-nunes/fs_msgs/install/fs_msgs/include/fs_msgs/fs_msgs/msg
-- Up-to-date: /home/yasmin-nunes/fs_msgs/install/fs_msgs/include/fs_msgs/fs_msgs/msg/detail
-- Installing: /home/yasmin-nunes/fs_msgs/install/fs_msgs/include/fs_msgs/fs_msgs/msg/detail/motion__type_support.c
-- Installing: /home/yasmin-nunes/fs_msgs/install/fs_msgs/include/fs_msgs/fs_msgs/msg/detail/wheel_states__type_support.c
-- Installing: /home/yasmin-nunes/fs_msgs/install/fs_msgs/include/fs_msgs/fs_msgs/msg/detail/go_signal__type_support.c
-- Installing: /home/yasmin-nunes/fs_msgs/install/fs_msgs/include/fs_msgs/fs_msgs/msg/detail/track__type_support.c
-- Installing: /home/yasmin-nunes/fs_msgs/install/fs_msgs/include/fs_msgs/fs_msgs/msg/detail/motion__rosidl_typesupport_introspection_c.h
-- Installing: /home/yasmin-nunes/fs_msgs/install/fs_msgs/include/fs_msgs/fs_msgs/msg/detail/extra_info__rosidl_typesupport_introspection_c.h
-- Installing: /home/yasmin-nunes/fs_msgs/install/fs_msgs/include/fs_msgs/fs_msgs/msg/detail/track__rosidl_typesupport_introspection_c.h
-- Installing: /home/yasmin-nunes/fs_msgs/install/fs_msgs/include/fs_msgs/fs_msgs/msg/detail/cone__type_support.c
-- Installing: /home/yasmin-nunes/fs_msgs/install/fs_msgs/include/fs_msgs/fs_msgs/msg/detail/control_command__type_support.c
-- Installing: /home/yasmin-nunes/fs_msgs/install/fs_msgs/include/fs_msgs/fs_msgs/msg/detail/wheel_states__rosidl_typesupport_introspection_c.h
-- Installing: /home/yasmin-nunes/fs_msgs/install/fs_msgs/include/fs_msgs/fs_msgs/msg/detail/finished_signal__type_support.c
-- Installing: /home/yasmin-nunes/fs_msgs/install/fs_msgs/include/fs_msgs/fs_msgs/msg/detail/go_signal__rosidl_typesupport_introspection_c.h
-- Installing: /home/yasmin-nunes/fs_msgs/install/fs_msgs/include/fs_msgs/fs_msgs/msg/detail/extra_info__type_support.c
-- Installing: /home/yasmin-nunes/fs_msgs/install/fs_msgs/include/fs_msgs/fs_msgs/msg/detail/finished_signal__rosidl_typesupport_introspection_c.h
-- Installing: /home/yasmin-nunes/fs_msgs/install/fs_msgs/include/fs_msgs/fs_msgs/msg/detail/cone__rosidl_typesupport_introspection_c.h
-- Installing: /home/yasmin-nunes/fs_msgs/install/fs_msgs/include/fs_msgs/fs_msgs/msg/detail/control_command__rosidl_typesupport_introspection_c.h
-- Installing: /home/yasmin-nunes/fs_msgs/install/fs_msgs/include/fs_msgs/fs_msgs/msg/rosidl_typesupport_introspection_c__visibility_control.h
-- Installing: /home/yasmin-nunes/fs_msgs/install/fs_msgs/lib/libfs_msgs__rosidl_typesupport_introspection_c.so
-- Set runtime path of "/home/yasmin-nunes/fs_msgs/install/fs_msgs/lib/libfs_msgs__rosidl_typesupport_introspection_c.so" to ""
-- Installing: /home/yasmin-nunes/fs_msgs/install/fs_msgs/lib/libfs_msgs__rosidl_typesupport_c.so
-- Set runtime path of "/home/yasmin-nunes/fs_msgs/install/fs_msgs/lib/libfs_msgs__rosidl_typesupport_c.so" to ""
-- Up-to-date: /home/yasmin-nunes/fs_msgs/install/fs_msgs/include/fs_msgs/fs_msgs
-- Up-to-date: /home/yasmin-nunes/fs_msgs/install/fs_msgs/include/fs_msgs/fs_msgs/srv
-- Up-to-date: /home/yasmin-nunes/fs_msgs/install/fs_msgs/include/fs_msgs/fs_msgs/srv/detail
-- Installing: /home/yasmin-nunes/fs_msgs/install/fs_msgs/include/fs_msgs/fs_msgs/srv/detail/reset__type_support.cpp
-- Installing: /home/yasmin-nunes/fs_msgs/install/fs_msgs/include/fs_msgs/fs_msgs/srv/detail/reset__rosidl_typesupport_introspection_cpp.hpp
-- Up-to-date: /home/yasmin-nunes/fs_msgs/install/fs_msgs/include/fs_msgs/fs_msgs/msg
-- Up-to-date: /home/yasmin-nunes/fs_msgs/install/fs_msgs/include/fs_msgs/fs_msgs/msg/detail
-- Installing: /home/yasmin-nunes/fs_msgs/install/fs_msgs/include/fs_msgs/fs_msgs/msg/detail/cone__type_support.cpp
-- Installing: /home/yasmin-nunes/fs_msgs/install/fs_msgs/include/fs_msgs/fs_msgs/msg/detail/go_signal__rosidl_typesupport_introspection_cpp.hpp
-- Installing: /home/yasmin-nunes/fs_msgs/install/fs_msgs/include/fs_msgs/fs_msgs/msg/detail/finished_signal__type_support.cpp
-- Installing: /home/yasmin-nunes/fs_msgs/install/fs_msgs/include/fs_msgs/fs_msgs/msg/detail/go_signal__type_support.cpp
-- Installing: /home/yasmin-nunes/fs_msgs/install/fs_msgs/include/fs_msgs/fs_msgs/msg/detail/motion__rosidl_typesupport_introspection_cpp.hpp
-- Installing: /home/yasmin-nunes/fs_msgs/install/fs_msgs/include/fs_msgs/fs_msgs/msg/detail/wheel_states__type_support.cpp
-- Installing: /home/yasmin-nunes/fs_msgs/install/fs_msgs/include/fs_msgs/fs_msgs/msg/detail/extra_info__rosidl_typesupport_introspection_cpp.hpp
-- Installing: /home/yasmin-nunes/fs_msgs/install/fs_msgs/include/fs_msgs/fs_msgs/msg/detail/motion__type_support.cpp
-- Installing: /home/yasmin-nunes/fs_msgs/install/fs_msgs/include/fs_msgs/fs_msgs/msg/detail/extra_info__type_support.cpp
-- Installing: /home/yasmin-nunes/fs_msgs/install/fs_msgs/include/fs_msgs/fs_msgs/msg/detail/cone__rosidl_typesupport_introspection_cpp.hpp
-- Installing: /home/yasmin-nunes/fs_msgs/install/fs_msgs/include/fs_msgs/fs_msgs/msg/detail/wheel_states__rosidl_typesupport_introspection_cpp.hpp
-- Installing: /home/yasmin-nunes/fs_msgs/install/fs_msgs/include/fs_msgs/fs_msgs/msg/detail/control_command__rosidl_typesupport_introspection_cpp.hpp
-- Installing: /home/yasmin-nunes/fs_msgs/install/fs_msgs/include/fs_msgs/fs_msgs/msg/detail/track__type_support.cpp
-- Installing: /home/yasmin-nunes/fs_msgs/install/fs_msgs/include/fs_msgs/fs_msgs/msg/detail/control_command__type_support.cpp
-- Installing: /home/yasmin-nunes/fs_msgs/install/fs_msgs/include/fs_msgs/fs_msgs/msg/detail/finished_signal__rosidl_typesupport_introspection_cpp.hpp
-- Installing: /home/yasmin-nunes/fs_msgs/install/fs_msgs/include/fs_msgs/fs_msgs/msg/detail/track__rosidl_typesupport_introspection_cpp.hpp
-- Installing: /home/yasmin-nunes/fs_msgs/install/fs_msgs/lib/libfs_msgs__rosidl_typesupport_introspection_cpp.so
-- Set runtime path of "/home/yasmin-nunes/fs_msgs/install/fs_msgs/lib/libfs_msgs__rosidl_typesupport_introspection_cpp.so" to ""
-- Installing: /home/yasmin-nunes/fs_msgs/install/fs_msgs/lib/libfs_msgs__rosidl_typesupport_cpp.so
-- Set runtime path of "/home/yasmin-nunes/fs_msgs/install/fs_msgs/lib/libfs_msgs__rosidl_typesupport_cpp.so" to ""
-- Installing: /home/yasmin-nunes/fs_msgs/install/fs_msgs/share/fs_msgs/environment/pythonpath.sh
-- Installing: /home/yasmin-nunes/fs_msgs/install/fs_msgs/share/fs_msgs/environment/pythonpath.dsv
-- Installing: /home/yasmin-nunes/fs_msgs/install/fs_msgs/local/lib/python3.10/dist-packages/fs_msgs-0.1.1-py3.10.egg-info
-- Installing: /home/yasmin-nunes/fs_msgs/install/fs_msgs/local/lib/python3.10/dist-packages/fs_msgs-0.1.1-py3.10.egg-info/top_level.txt
-- Installing: /home/yasmin-nunes/fs_msgs/install/fs_msgs/local/lib/python3.10/dist-packages/fs_msgs-0.1.1-py3.10.egg-info/SOURCES.txt
-- Installing: /home/yasmin-nunes/fs_msgs/install/fs_msgs/local/lib/python3.10/dist-packages/fs_msgs-0.1.1-py3.10.egg-info/dependency_links.txt
-- Installing: /home/yasmin-nunes/fs_msgs/install/fs_msgs/local/lib/python3.10/dist-packages/fs_msgs-0.1.1-py3.10.egg-info/PKG-INFO
-- Installing: /home/yasmin-nunes/fs_msgs/install/fs_msgs/local/lib/python3.10/dist-packages/fs_msgs
-- Installing: /home/yasmin-nunes/fs_msgs/install/fs_msgs/local/lib/python3.10/dist-packages/fs_msgs/fs_msgs_s__rosidl_typesupport_fastrtps_c.cpython-310-x86_64-linux-gnu.so
-- Installing: /home/yasmin-nunes/fs_msgs/install/fs_msgs/local/lib/python3.10/dist-packages/fs_msgs/srv
-- Installing: /home/yasmin-nunes/fs_msgs/install/fs_msgs/local/lib/python3.10/dist-packages/fs_msgs/srv/_reset.py
-- Installing: /home/yasmin-nunes/fs_msgs/install/fs_msgs/local/lib/python3.10/dist-packages/fs_msgs/srv/__init__.py
-- Installing: /home/yasmin-nunes/fs_msgs/install/fs_msgs/local/lib/python3.10/dist-packages/fs_msgs/srv/_reset_s.c
-- Installing: /home/yasmin-nunes/fs_msgs/install/fs_msgs/local/lib/python3.10/dist-packages/fs_msgs/__init__.py
-- Installing: /home/yasmin-nunes/fs_msgs/install/fs_msgs/local/lib/python3.10/dist-packages/fs_msgs/msg
-- Installing: /home/yasmin-nunes/fs_msgs/install/fs_msgs/local/lib/python3.10/dist-packages/fs_msgs/msg/_cone_s.c
-- Installing: /home/yasmin-nunes/fs_msgs/install/fs_msgs/local/lib/python3.10/dist-packages/fs_msgs/msg/_go_signal_s.c
-- Installing: /home/yasmin-nunes/fs_msgs/install/fs_msgs/local/lib/python3.10/dist-packages/fs_msgs/msg/_go_signal.py
-- Installing: /home/yasmin-nunes/fs_msgs/install/fs_msgs/local/lib/python3.10/dist-packages/fs_msgs/msg/__init__.py
-- Installing: /home/yasmin-nunes/fs_msgs/install/fs_msgs/local/lib/python3.10/dist-packages/fs_msgs/msg/_motion_s.c
-- Installing: /home/yasmin-nunes/fs_msgs/install/fs_msgs/local/lib/python3.10/dist-packages/fs_msgs/msg/_extra_info.py
-- Installing: /home/yasmin-nunes/fs_msgs/install/fs_msgs/local/lib/python3.10/dist-packages/fs_msgs/msg/_track_s.c
-- Installing: /home/yasmin-nunes/fs_msgs/install/fs_msgs/local/lib/python3.10/dist-packages/fs_msgs/msg/_cone.py
-- Installing: /home/yasmin-nunes/fs_msgs/install/fs_msgs/local/lib/python3.10/dist-packages/fs_msgs/msg/_wheel_states_s.c
-- Installing: /home/yasmin-nunes/fs_msgs/install/fs_msgs/local/lib/python3.10/dist-packages/fs_msgs/msg/_motion.py
-- Installing: /home/yasmin-nunes/fs_msgs/install/fs_msgs/local/lib/python3.10/dist-packages/fs_msgs/msg/_extra_info_s.c
-- Installing: /home/yasmin-nunes/fs_msgs/install/fs_msgs/local/lib/python3.10/dist-packages/fs_msgs/msg/_finished_signal.py
-- Installing: /home/yasmin-nunes/fs_msgs/install/fs_msgs/local/lib/python3.10/dist-packages/fs_msgs/msg/_control_command.py
-- Installing: /home/yasmin-nunes/fs_msgs/install/fs_msgs/local/lib/python3.10/dist-packages/fs_msgs/msg/_wheel_states.py
-- Installing: /home/yasmin-nunes/fs_msgs/install/fs_msgs/local/lib/python3.10/dist-packages/fs_msgs/msg/_track.py
-- Installing: /home/yasmin-nunes/fs_msgs/install/fs_msgs/local/lib/python3.10/dist-packages/fs_msgs/msg/_finished_signal_s.c
-- Installing: /home/yasmin-nunes/fs_msgs/install/fs_msgs/local/lib/python3.10/dist-packages/fs_msgs/msg/_control_command_s.c
-- Installing: /home/yasmin-nunes/fs_msgs/install/fs_msgs/local/lib/python3.10/dist-packages/fs_msgs/libfs_msgs__rosidl_generator_py.so
-- Installing: /home/yasmin-nunes/fs_msgs/install/fs_msgs/local/lib/python3.10/dist-packages/fs_msgs/_fs_msgs_s.ep.rosidl_typesupport_fastrtps_c.c
-- Installing: /home/yasmin-nunes/fs_msgs/install/fs_msgs/local/lib/python3.10/dist-packages/fs_msgs/fs_msgs_s__rosidl_typesupport_c.cpython-310-x86_64-linux-gnu.so
-- Installing: /home/yasmin-nunes/fs_msgs/install/fs_msgs/local/lib/python3.10/dist-packages/fs_msgs/fs_msgs_s__rosidl_typesupport_introspection_c.cpython-310-x86_64-linux-gnu.so
-- Installing: /home/yasmin-nunes/fs_msgs/install/fs_msgs/local/lib/python3.10/dist-packages/fs_msgs/_fs_msgs_s.ep.rosidl_typesupport_c.c
-- Installing: /home/yasmin-nunes/fs_msgs/install/fs_msgs/local/lib/python3.10/dist-packages/fs_msgs/_fs_msgs_s.ep.rosidl_typesupport_introspection_c.c
Listing '/home/yasmin-nunes/fs_msgs/install/fs_msgs/local/lib/python3.10/dist-packages/fs_msgs'...
Compiling '/home/yasmin-nunes/fs_msgs/install/fs_msgs/local/lib/python3.10/dist-packages/fs_msgs/__init__.py'...
Listing '/home/yasmin-nunes/fs_msgs/install/fs_msgs/local/lib/python3.10/dist-packages/fs_msgs/msg'...
Compiling '/home/yasmin-nunes/fs_msgs/install/fs_msgs/local/lib/python3.10/dist-packages/fs_msgs/msg/__init__.py'...
Compiling '/home/yasmin-nunes/fs_msgs/install/fs_msgs/local/lib/python3.10/dist-packages/fs_msgs/msg/_cone.py'...
Compiling '/home/yasmin-nunes/fs_msgs/install/fs_msgs/local/lib/python3.10/dist-packages/fs_msgs/msg/_control_command.py'...
Compiling '/home/yasmin-nunes/fs_msgs/install/fs_msgs/local/lib/python3.10/dist-packages/fs_msgs/msg/_extra_info.py'...
Compiling '/home/yasmin-nunes/fs_msgs/install/fs_msgs/local/lib/python3.10/dist-packages/fs_msgs/msg/_finished_signal.py'...
Compiling '/home/yasmin-nunes/fs_msgs/install/fs_msgs/local/lib/python3.10/dist-packages/fs_msgs/msg/_go_signal.py'...
Compiling '/home/yasmin-nunes/fs_msgs/install/fs_msgs/local/lib/python3.10/dist-packages/fs_msgs/msg/_motion.py'...
Compiling '/home/yasmin-nunes/fs_msgs/install/fs_msgs/local/lib/python3.10/dist-packages/fs_msgs/msg/_track.py'...
Compiling '/home/yasmin-nunes/fs_msgs/install/fs_msgs/local/lib/python3.10/dist-packages/fs_msgs/msg/_wheel_states.py'...
Listing '/home/yasmin-nunes/fs_msgs/install/fs_msgs/local/lib/python3.10/dist-packages/fs_msgs/srv'...
Compiling '/home/yasmin-nunes/fs_msgs/install/fs_msgs/local/lib/python3.10/dist-packages/fs_msgs/srv/__init__.py'...
Compiling '/home/yasmin-nunes/fs_msgs/install/fs_msgs/local/lib/python3.10/dist-packages/fs_msgs/srv/_reset.py'...
-- Installing: /home/yasmin-nunes/fs_msgs/install/fs_msgs/local/lib/python3.10/dist-packages/fs_msgs/fs_msgs_s__rosidl_typesupport_fastrtps_c.cpython-310-x86_64-linux-gnu.so
-- Set runtime path of "/home/yasmin-nunes/fs_msgs/install/fs_msgs/local/lib/python3.10/dist-packages/fs_msgs/fs_msgs_s__rosidl_typesupport_fastrtps_c.cpython-310-x86_64-linux-gnu.so" to ""
-- Installing: /home/yasmin-nunes/fs_msgs/install/fs_msgs/local/lib/python3.10/dist-packages/fs_msgs/fs_msgs_s__rosidl_typesupport_introspection_c.cpython-310-x86_64-linux-gnu.so
-- Set runtime path of "/home/yasmin-nunes/fs_msgs/install/fs_msgs/local/lib/python3.10/dist-packages/fs_msgs/fs_msgs_s__rosidl_typesupport_introspection_c.cpython-310-x86_64-linux-gnu.so" to ""
-- Installing: /home/yasmin-nunes/fs_msgs/install/fs_msgs/local/lib/python3.10/dist-packages/fs_msgs/fs_msgs_s__rosidl_typesupport_c.cpython-310-x86_64-linux-gnu.so
-- Set runtime path of "/home/yasmin-nunes/fs_msgs/install/fs_msgs/local/lib/python3.10/dist-packages/fs_msgs/fs_msgs_s__rosidl_typesupport_c.cpython-310-x86_64-linux-gnu.so" to ""
-- Installing: /home/yasmin-nunes/fs_msgs/install/fs_msgs/lib/libfs_msgs__rosidl_generator_py.so
-- Set runtime path of "/home/yasmin-nunes/fs_msgs/install/fs_msgs/lib/libfs_msgs__rosidl_generator_py.so" to ""
-- Installing: /home/yasmin-nunes/fs_msgs/install/fs_msgs/share/fs_msgs/msg/ControlCommand.idl
-- Installing: /home/yasmin-nunes/fs_msgs/install/fs_msgs/share/fs_msgs/msg/FinishedSignal.idl
-- Installing: /home/yasmin-nunes/fs_msgs/install/fs_msgs/share/fs_msgs/msg/GoSignal.idl
-- Installing: /home/yasmin-nunes/fs_msgs/install/fs_msgs/share/fs_msgs/msg/Track.idl
-- Installing: /home/yasmin-nunes/fs_msgs/install/fs_msgs/share/fs_msgs/msg/Cone.idl
-- Installing: /home/yasmin-nunes/fs_msgs/install/fs_msgs/share/fs_msgs/msg/ExtraInfo.idl
-- Installing: /home/yasmin-nunes/fs_msgs/install/fs_msgs/share/fs_msgs/msg/WheelStates.idl
-- Installing: /home/yasmin-nunes/fs_msgs/install/fs_msgs/share/fs_msgs/msg/Motion.idl
-- Installing: /home/yasmin-nunes/fs_msgs/install/fs_msgs/share/fs_msgs/srv/Reset.idl
-- Installing: /home/yasmin-nunes/fs_msgs/install/fs_msgs/share/fs_msgs/msg/ControlCommand.msg
-- Installing: /home/yasmin-nunes/fs_msgs/install/fs_msgs/share/fs_msgs/msg/FinishedSignal.msg
-- Installing: /home/yasmin-nunes/fs_msgs/install/fs_msgs/share/fs_msgs/msg/GoSignal.msg
-- Installing: /home/yasmin-nunes/fs_msgs/install/fs_msgs/share/fs_msgs/msg/Track.msg
-- Installing: /home/yasmin-nunes/fs_msgs/install/fs_msgs/share/fs_msgs/msg/Cone.msg
-- Installing: /home/yasmin-nunes/fs_msgs/install/fs_msgs/share/fs_msgs/msg/ExtraInfo.msg
-- Installing: /home/yasmin-nunes/fs_msgs/install/fs_msgs/share/fs_msgs/msg/WheelStates.msg
-- Installing: /home/yasmin-nunes/fs_msgs/install/fs_msgs/share/fs_msgs/msg/Motion.msg
-- Installing: /home/yasmin-nunes/fs_msgs/install/fs_msgs/share/fs_msgs/srv/Reset.srv
-- Installing: /home/yasmin-nunes/fs_msgs/install/fs_msgs/share/fs_msgs/srv/Reset_Request.msg
-- Installing: /home/yasmin-nunes/fs_msgs/install/fs_msgs/share/fs_msgs/srv/Reset_Response.msg
-- Installing: /home/yasmin-nunes/fs_msgs/install/fs_msgs/share/ament_index/resource_index/package_run_dependencies/fs_msgs
-- Installing: /home/yasmin-nunes/fs_msgs/install/fs_msgs/share/ament_index/resource_index/parent_prefix_path/fs_msgs
-- Installing: /home/yasmin-nunes/fs_msgs/install/fs_msgs/share/fs_msgs/environment/ament_prefix_path.sh
-- Installing: /home/yasmin-nunes/fs_msgs/install/fs_msgs/share/fs_msgs/environment/ament_prefix_path.dsv
-- Installing: /home/yasmin-nunes/fs_msgs/install/fs_msgs/share/fs_msgs/environment/path.sh
-- Installing: /home/yasmin-nunes/fs_msgs/install/fs_msgs/share/fs_msgs/environment/path.dsv
-- Installing: /home/yasmin-nunes/fs_msgs/install/fs_msgs/share/fs_msgs/local_setup.bash
-- Installing: /home/yasmin-nunes/fs_msgs/install/fs_msgs/share/fs_msgs/local_setup.sh
-- Installing: /home/yasmin-nunes/fs_msgs/install/fs_msgs/share/fs_msgs/local_setup.zsh
-- Installing: /home/yasmin-nunes/fs_msgs/install/fs_msgs/share/fs_msgs/local_setup.dsv
-- Installing: /home/yasmin-nunes/fs_msgs/install/fs_msgs/share/fs_msgs/package.dsv
-- Installing: /home/yasmin-nunes/fs_msgs/install/fs_msgs/share/ament_index/resource_index/packages/fs_msgs
-- Installing: /home/yasmin-nunes/fs_msgs/install/fs_msgs/share/fs_msgs/cmake/export_fs_msgs__rosidl_generator_cExport.cmake
-- Installing: /home/yasmin-nunes/fs_msgs/install/fs_msgs/share/fs_msgs/cmake/export_fs_msgs__rosidl_generator_cExport-noconfig.cmake
-- Installing: /home/yasmin-nunes/fs_msgs/install/fs_msgs/share/fs_msgs/cmake/export_fs_msgs__rosidl_typesupport_fastrtps_cExport.cmake
-- Installing: /home/yasmin-nunes/fs_msgs/install/fs_msgs/share/fs_msgs/cmake/export_fs_msgs__rosidl_typesupport_fastrtps_cExport-noconfig.cmake
-- Installing: /home/yasmin-nunes/fs_msgs/install/fs_msgs/share/fs_msgs/cmake/export_fs_msgs__rosidl_generator_cppExport.cmake
-- Installing: /home/yasmin-nunes/fs_msgs/install/fs_msgs/share/fs_msgs/cmake/export_fs_msgs__rosidl_typesupport_fastrtps_cppExport.cmake
-- Installing: /home/yasmin-nunes/fs_msgs/install/fs_msgs/share/fs_msgs/cmake/export_fs_msgs__rosidl_typesupport_fastrtps_cppExport-noconfig.cmake
-- Installing: /home/yasmin-nunes/fs_msgs/install/fs_msgs/share/fs_msgs/cmake/fs_msgs__rosidl_typesupport_introspection_cExport.cmake
-- Installing: /home/yasmin-nunes/fs_msgs/install/fs_msgs/share/fs_msgs/cmake/fs_msgs__rosidl_typesupport_introspection_cExport-noconfig.cmake
-- Installing: /home/yasmin-nunes/fs_msgs/install/fs_msgs/share/fs_msgs/cmake/fs_msgs__rosidl_typesupport_cExport.cmake
-- Installing: /home/yasmin-nunes/fs_msgs/install/fs_msgs/share/fs_msgs/cmake/fs_msgs__rosidl_typesupport_cExport-noconfig.cmake
-- Installing: /home/yasmin-nunes/fs_msgs/install/fs_msgs/share/fs_msgs/cmake/fs_msgs__rosidl_typesupport_introspection_cppExport.cmake
-- Installing: /home/yasmin-nunes/fs_msgs/install/fs_msgs/share/fs_msgs/cmake/fs_msgs__rosidl_typesupport_introspection_cppExport-noconfig.cmake
-- Installing: /home/yasmin-nunes/fs_msgs/install/fs_msgs/share/fs_msgs/cmake/fs_msgs__rosidl_typesupport_cppExport.cmake
-- Installing: /home/yasmin-nunes/fs_msgs/install/fs_msgs/share/fs_msgs/cmake/fs_msgs__rosidl_typesupport_cppExport-noconfig.cmake
-- Installing: /home/yasmin-nunes/fs_msgs/install/fs_msgs/share/fs_msgs/cmake/export_fs_msgs__rosidl_generator_pyExport.cmake
-- Installing: /home/yasmin-nunes/fs_msgs/install/fs_msgs/share/fs_msgs/cmake/export_fs_msgs__rosidl_generator_pyExport-noconfig.cmake
-- Installing: /home/yasmin-nunes/fs_msgs/install/fs_msgs/share/fs_msgs/cmake/rosidl_cmake-extras.cmake
-- Installing: /home/yasmin-nunes/fs_msgs/install/fs_msgs/share/fs_msgs/cmake/ament_cmake_export_dependencies-extras.cmake
-- Installing: /home/yasmin-nunes/fs_msgs/install/fs_msgs/share/fs_msgs/cmake/ament_cmake_export_include_directories-extras.cmake
-- Installing: /home/yasmin-nunes/fs_msgs/install/fs_msgs/share/fs_msgs/cmake/ament_cmake_export_libraries-extras.cmake
-- Installing: /home/yasmin-nunes/fs_msgs/install/fs_msgs/share/fs_msgs/cmake/ament_cmake_export_targets-extras.cmake
-- Installing: /home/yasmin-nunes/fs_msgs/install/fs_msgs/share/fs_msgs/cmake/rosidl_cmake_export_typesupport_targets-extras.cmake
-- Installing: /home/yasmin-nunes/fs_msgs/install/fs_msgs/share/fs_msgs/cmake/rosidl_cmake_export_typesupport_libraries-extras.cmake
-- Installing: /home/yasmin-nunes/fs_msgs/install/fs_msgs/share/fs_msgs/cmake/fs_msgsConfig.cmake
-- Installing: /home/yasmin-nunes/fs_msgs/install/fs_msgs/share/fs_msgs/cmake/fs_msgsConfig-version.cmake
-- Installing: /home/yasmin-nunes/fs_msgs/install/fs_msgs/share/fs_msgs/package.xml
