[0.082s] Invoking command in '/home/yasmin-nunes/fs_msgs/build/fs_msgs': CMAKE_PREFIX_PATH=${CMAKE_PREFIX_PATH}:/opt/ros/humble /usr/bin/cmake /home/yasmin-nunes/fs_msgs -DCMAKE_INSTALL_PREFIX=/home/yasmin-nunes/fs_msgs/install/fs_msgs
[0.997s] -- The C compiler identification is GNU 11.4.0
[1.837s] -- The CXX compiler identification is GNU 11.4.0
[1.847s] -- Detecting C compiler ABI info
[2.199s] -- Detecting C compiler ABI info - done
[2.211s] -- Check for working C compiler: /usr/bin/cc - skipped
[2.212s] -- Detecting C compile features
[2.226s] -- Detecting C compile features - done
[2.237s] -- Detecting CXX compiler ABI info
[2.441s] -- Detecting CXX compiler ABI info - done
[2.453s] -- Check for working CXX compiler: /usr/bin/c++ - skipped
[2.453s] -- Detecting CXX compile features
[2.454s] -- Detecting CXX compile features - done
[2.586s] -- Found ament_cmake: 1.3.11 (/opt/ros/humble/share/ament_cmake/cmake)
[2.974s] -- Found Python3: /usr/bin/python3 (found version "3.10.12") found components: Interpreter 
[3.450s] -- Found builtin_interfaces: 1.2.1 (/opt/ros/humble/share/builtin_interfaces/cmake)
[3.790s] -- Found rosidl_generator_c: 3.1.5 (/opt/ros/humble/share/rosidl_generator_c/cmake)
[3.874s] -- Found rosidl_adapter: 3.1.5 (/opt/ros/humble/share/rosidl_adapter/cmake)
[3.929s] -- Found rosidl_generator_cpp: 3.1.5 (/opt/ros/humble/share/rosidl_generator_cpp/cmake)
[4.007s] -- Using all available rosidl_typesupport_c: rosidl_typesupport_fastrtps_c;rosidl_typesupport_introspection_c
[4.066s] -- Using all available rosidl_typesupport_cpp: rosidl_typesupport_fastrtps_cpp;rosidl_typesupport_introspection_cpp
[4.133s] -- Found rosidl_default_generators: 1.2.0 (/opt/ros/humble/share/rosidl_default_generators/cmake)
[4.195s] -- Found std_msgs: 4.2.4 (/opt/ros/humble/share/std_msgs/cmake)
[4.235s] -- Found geometry_msgs: 4.2.4 (/opt/ros/humble/share/geometry_msgs/cmake)
[4.273s] -- Found nav_msgs: 4.2.4 (/opt/ros/humble/share/nav_msgs/cmake)
[4.305s] -- Found ament_lint_auto: 0.12.11 (/opt/ros/humble/share/ament_lint_auto/cmake)
[4.743s] -- Found ament_cmake_cppcheck: 0.12.11 (/opt/ros/humble/share/ament_cmake_cppcheck/cmake)
[4.746s] -- Found ament_cmake_cpplint: 0.12.11 (/opt/ros/humble/share/ament_cmake_cpplint/cmake)
[4.764s] -- Found ament_cmake_uncrustify: 0.12.11 (/opt/ros/humble/share/ament_cmake_uncrustify/cmake)
[4.779s] -- Found ament_cmake_ros: 0.10.0 (/opt/ros/humble/share/ament_cmake_ros/cmake)
[5.425s] -- Using all available rosidl_typesupport_c: rosidl_typesupport_fastrtps_c;rosidl_typesupport_introspection_c
[5.643s] -- Using all available rosidl_typesupport_cpp: rosidl_typesupport_fastrtps_cpp;rosidl_typesupport_introspection_cpp
[5.673s] -- Found PythonInterp: /usr/bin/python3 (found suitable version "3.10.12", minimum required is "3.6") 
[5.675s] -- Found python_cmake_module: 0.10.0 (/opt/ros/humble/share/python_cmake_module/cmake)
[5.818s] -- Found PythonLibs: /usr/lib/x86_64-linux-gnu/libpython3.10.so (found suitable version "3.10.12", minimum required is "3.5") 
[5.818s] -- Using PYTHON_EXECUTABLE: /usr/bin/python3
[5.819s] -- Using PYTHON_INCLUDE_DIRS: /usr/include/python3.10
[5.819s] -- Using PYTHON_LIBRARIES: /usr/lib/x86_64-linux-gnu/libpython3.10.so
[5.877s] -- Found PythonExtra: .so  
[5.973s] -- Found ament_cmake_flake8: 0.12.11 (/opt/ros/humble/share/ament_cmake_flake8/cmake)
[5.976s] -- Found ament_cmake_pep257: 0.12.11 (/opt/ros/humble/share/ament_cmake_pep257/cmake)
[6.006s] -- Added test 'cppcheck' to perform static code analysis on C / C++ code
[6.007s] -- Configured cppcheck include dirs: $<BUILD_INTERFACE:/home/yasmin-nunes/fs_msgs/build/fs_msgs/rosidl_generator_c>;$<BUILD_INTERFACE:/home/yasmin-nunes/fs_msgs/build/fs_msgs/rosidl_typesupport_fastrtps_c>;$<BUILD_INTERFACE:/home/yasmin-nunes/fs_msgs/build/fs_msgs/rosidl_generator_cpp>;$<BUILD_INTERFACE:/home/yasmin-nunes/fs_msgs/build/fs_msgs/rosidl_typesupport_fastrtps_cpp>;$<BUILD_INTERFACE:/home/yasmin-nunes/fs_msgs/build/fs_msgs/rosidl_typesupport_introspection_c>;$<BUILD_INTERFACE:/home/yasmin-nunes/fs_msgs/build/fs_msgs/rosidl_typesupport_introspection_cpp>;/home/yasmin-nunes/fs_msgs/build/fs_msgs/rosidl_generator_c;/home/yasmin-nunes/fs_msgs/build/fs_msgs/rosidl_generator_py
[6.007s] -- Configured cppcheck exclude dirs and/or files: 
[6.020s] -- Added test 'cpplint' to check C / C++ code against the Google style
[6.020s] -- Configured cpplint exclude dirs and/or files: 
[6.033s] -- Added test 'uncrustify' to check C / C++ code style
[6.034s] -- Configured uncrustify additional arguments: 
[6.036s] -- Added test 'flake8' to check Python code syntax and style conventions
[6.039s] -- Added test 'pep257' to check Python code against some of the docstring style conventions in PEP 257
[6.048s] -- Configuring done
[6.224s] -- Generating done
[6.230s] -- Build files have been written to: /home/yasmin-nunes/fs_msgs/build/fs_msgs
[6.245s] Invoked command in '/home/yasmin-nunes/fs_msgs/build/fs_msgs' returned '0': CMAKE_PREFIX_PATH=${CMAKE_PREFIX_PATH}:/opt/ros/humble /usr/bin/cmake /home/yasmin-nunes/fs_msgs -DCMAKE_INSTALL_PREFIX=/home/yasmin-nunes/fs_msgs/install/fs_msgs
[6.248s] Invoking command in '/home/yasmin-nunes/fs_msgs/build/fs_msgs': CMAKE_PREFIX_PATH=${CMAKE_PREFIX_PATH}:/opt/ros/humble /usr/bin/cmake --build /home/yasmin-nunes/fs_msgs/build/fs_msgs -- -j4 -l4
[6.304s] [  1%] [34m[1mGenerating C code for ROS interfaces[0m
[6.325s] [  2%] [34m[1mGenerating C++ code for ROS interfaces[0m
[6.330s] [  2%] Built target ament_cmake_python_copy_fs_msgs
[6.914s] running egg_info
[6.915s] creating fs_msgs.egg-info
[6.916s] writing fs_msgs.egg-info/PKG-INFO
[6.916s] writing dependency_links to fs_msgs.egg-info/dependency_links.txt
[6.916s] writing top-level names to fs_msgs.egg-info/top_level.txt
[6.917s] writing manifest file 'fs_msgs.egg-info/SOURCES.txt'
[6.934s] reading manifest file 'fs_msgs.egg-info/SOURCES.txt'
[6.935s] writing manifest file 'fs_msgs.egg-info/SOURCES.txt'
[6.991s] [  2%] Built target ament_cmake_python_build_fs_msgs_egg
[7.802s] [  2%] Built target fs_msgs__cpp
[7.827s] [  3%] [34m[1mGenerating C++ type support dispatch for ROS interfaces[0m
[7.843s] [  4%] [34m[1mGenerating C++ type support for eProsima Fast-RTPS[0m
[7.847s] [  5%] [34m[1mGenerating C++ introspection for ROS interfaces[0m
[7.868s] [  6%] [32mBuilding C object CMakeFiles/fs_msgs__rosidl_generator_c.dir/rosidl_generator_c/fs_msgs/msg/detail/control_command__functions.c.o[0m
[8.532s] [  7%] [32mBuilding C object CMakeFiles/fs_msgs__rosidl_generator_c.dir/rosidl_generator_c/fs_msgs/msg/detail/finished_signal__functions.c.o[0m
[8.630s] [  8%] [32mBuilding C object CMakeFiles/fs_msgs__rosidl_generator_c.dir/rosidl_generator_c/fs_msgs/msg/detail/go_signal__functions.c.o[0m
[8.727s] [  9%] [32mBuilding C object CMakeFiles/fs_msgs__rosidl_generator_c.dir/rosidl_generator_c/fs_msgs/msg/detail/track__functions.c.o[0m
[8.843s] [ 10%] [32mBuilding C object CMakeFiles/fs_msgs__rosidl_generator_c.dir/rosidl_generator_c/fs_msgs/msg/detail/cone__functions.c.o[0m
[8.945s] [ 11%] [32mBuilding C object CMakeFiles/fs_msgs__rosidl_generator_c.dir/rosidl_generator_c/fs_msgs/msg/detail/extra_info__functions.c.o[0m
[9.044s] [ 12%] [32mBuilding C object CMakeFiles/fs_msgs__rosidl_generator_c.dir/rosidl_generator_c/fs_msgs/msg/detail/wheel_states__functions.c.o[0m
[9.160s] [ 13%] [32mBuilding C object CMakeFiles/fs_msgs__rosidl_generator_c.dir/rosidl_generator_c/fs_msgs/msg/detail/motion__functions.c.o[0m
[9.290s] [ 14%] [32mBuilding C object CMakeFiles/fs_msgs__rosidl_generator_c.dir/rosidl_generator_c/fs_msgs/srv/detail/reset__functions.c.o[0m
[9.330s] [ 15%] [32mBuilding CXX object CMakeFiles/fs_msgs__rosidl_typesupport_cpp.dir/rosidl_typesupport_cpp/fs_msgs/msg/control_command__type_support.cpp.o[0m
[9.393s] [ 16%] [32m[1mLinking C shared library libfs_msgs__rosidl_generator_c.so[0m
[9.605s] [ 16%] Built target fs_msgs__rosidl_generator_c
[9.624s] [ 17%] [34m[1mGenerating C type support for eProsima Fast-RTPS[0m
[9.654s] [ 18%] [32mBuilding CXX object CMakeFiles/fs_msgs__rosidl_typesupport_introspection_cpp.dir/rosidl_typesupport_introspection_cpp/fs_msgs/msg/detail/control_command__type_support.cpp.o[0m
[9.866s] [ 20%] [32mBuilding CXX object CMakeFiles/fs_msgs__rosidl_typesupport_fastrtps_cpp.dir/rosidl_typesupport_fastrtps_cpp/fs_msgs/msg/detail/dds_fastrtps/control_command__type_support.cpp.o[0m
[10.927s] [ 21%] [32mBuilding CXX object CMakeFiles/fs_msgs__rosidl_typesupport_cpp.dir/rosidl_typesupport_cpp/fs_msgs/msg/finished_signal__type_support.cpp.o[0m
[11.142s] [ 22%] [32mBuilding CXX object CMakeFiles/fs_msgs__rosidl_typesupport_fastrtps_cpp.dir/rosidl_typesupport_fastrtps_cpp/fs_msgs/msg/detail/dds_fastrtps/finished_signal__type_support.cpp.o[0m
[11.229s] [ 23%] [32mBuilding CXX object CMakeFiles/fs_msgs__rosidl_typesupport_introspection_cpp.dir/rosidl_typesupport_introspection_cpp/fs_msgs/msg/detail/finished_signal__type_support.cpp.o[0m
[11.483s] [ 24%] [32mBuilding CXX object CMakeFiles/fs_msgs__rosidl_typesupport_cpp.dir/rosidl_typesupport_cpp/fs_msgs/msg/go_signal__type_support.cpp.o[0m
[11.612s] [ 25%] [32mBuilding CXX object CMakeFiles/fs_msgs__rosidl_typesupport_fastrtps_c.dir/rosidl_typesupport_fastrtps_c/fs_msgs/msg/detail/control_command__type_support_c.cpp.o[0m
[12.168s] [ 26%] [32mBuilding CXX object CMakeFiles/fs_msgs__rosidl_typesupport_introspection_cpp.dir/rosidl_typesupport_introspection_cpp/fs_msgs/msg/detail/go_signal__type_support.cpp.o[0m
[12.180s] [ 27%] [32mBuilding CXX object CMakeFiles/fs_msgs__rosidl_typesupport_cpp.dir/rosidl_typesupport_cpp/fs_msgs/msg/track__type_support.cpp.o[0m
[12.196s] [ 28%] [32mBuilding CXX object CMakeFiles/fs_msgs__rosidl_typesupport_fastrtps_cpp.dir/rosidl_typesupport_fastrtps_cpp/fs_msgs/msg/detail/dds_fastrtps/go_signal__type_support.cpp.o[0m
[12.453s] [ 29%] [32mBuilding CXX object CMakeFiles/fs_msgs__rosidl_typesupport_fastrtps_c.dir/rosidl_typesupport_fastrtps_c/fs_msgs/msg/detail/finished_signal__type_support_c.cpp.o[0m
[12.806s] [ 30%] [32mBuilding CXX object CMakeFiles/fs_msgs__rosidl_typesupport_cpp.dir/rosidl_typesupport_cpp/fs_msgs/msg/cone__type_support.cpp.o[0m
[13.016s] [ 31%] [32mBuilding CXX object CMakeFiles/fs_msgs__rosidl_typesupport_introspection_cpp.dir/rosidl_typesupport_introspection_cpp/fs_msgs/msg/detail/track__type_support.cpp.o[0m
[13.159s] [ 32%] [32mBuilding CXX object CMakeFiles/fs_msgs__rosidl_typesupport_fastrtps_cpp.dir/rosidl_typesupport_fastrtps_cpp/fs_msgs/msg/detail/dds_fastrtps/track__type_support.cpp.o[0m
[13.198s] [ 33%] [32mBuilding CXX object CMakeFiles/fs_msgs__rosidl_typesupport_fastrtps_c.dir/rosidl_typesupport_fastrtps_c/fs_msgs/msg/detail/go_signal__type_support_c.cpp.o[0m
[13.455s] [ 34%] [32mBuilding CXX object CMakeFiles/fs_msgs__rosidl_typesupport_cpp.dir/rosidl_typesupport_cpp/fs_msgs/msg/extra_info__type_support.cpp.o[0m
[13.887s] [ 35%] [32mBuilding CXX object CMakeFiles/fs_msgs__rosidl_typesupport_introspection_cpp.dir/rosidl_typesupport_introspection_cpp/fs_msgs/msg/detail/cone__type_support.cpp.o[0m
[13.926s] [ 36%] [32mBuilding CXX object CMakeFiles/fs_msgs__rosidl_typesupport_fastrtps_c.dir/rosidl_typesupport_fastrtps_c/fs_msgs/msg/detail/track__type_support_c.cpp.o[0m
[14.077s] [ 37%] [32mBuilding CXX object CMakeFiles/fs_msgs__rosidl_typesupport_cpp.dir/rosidl_typesupport_cpp/fs_msgs/msg/wheel_states__type_support.cpp.o[0m
[14.089s] [ 38%] [32mBuilding CXX object CMakeFiles/fs_msgs__rosidl_typesupport_fastrtps_cpp.dir/rosidl_typesupport_fastrtps_cpp/fs_msgs/msg/detail/dds_fastrtps/cone__type_support.cpp.o[0m
[14.621s] [ 40%] [32mBuilding CXX object CMakeFiles/fs_msgs__rosidl_typesupport_fastrtps_c.dir/rosidl_typesupport_fastrtps_c/fs_msgs/msg/detail/cone__type_support_c.cpp.o[0m
[14.678s] [ 41%] [32mBuilding CXX object CMakeFiles/fs_msgs__rosidl_typesupport_cpp.dir/rosidl_typesupport_cpp/fs_msgs/msg/motion__type_support.cpp.o[0m
[14.742s] [ 42%] [32mBuilding CXX object CMakeFiles/fs_msgs__rosidl_typesupport_introspection_cpp.dir/rosidl_typesupport_introspection_cpp/fs_msgs/msg/detail/extra_info__type_support.cpp.o[0m
[14.947s] [ 43%] [32mBuilding CXX object CMakeFiles/fs_msgs__rosidl_typesupport_fastrtps_cpp.dir/rosidl_typesupport_fastrtps_cpp/fs_msgs/msg/detail/dds_fastrtps/extra_info__type_support.cpp.o[0m
[15.300s] [ 44%] [32mBuilding CXX object CMakeFiles/fs_msgs__rosidl_typesupport_cpp.dir/rosidl_typesupport_cpp/fs_msgs/srv/reset__type_support.cpp.o[0m
[15.331s] [ 45%] [32mBuilding CXX object CMakeFiles/fs_msgs__rosidl_typesupport_fastrtps_c.dir/rosidl_typesupport_fastrtps_c/fs_msgs/msg/detail/extra_info__type_support_c.cpp.o[0m
[15.634s] [ 46%] [32mBuilding CXX object CMakeFiles/fs_msgs__rosidl_typesupport_introspection_cpp.dir/rosidl_typesupport_introspection_cpp/fs_msgs/msg/detail/wheel_states__type_support.cpp.o[0m
[15.903s] [ 47%] [32m[1mLinking CXX shared library libfs_msgs__rosidl_typesupport_cpp.so[0m
[15.978s] [ 48%] [32mBuilding CXX object CMakeFiles/fs_msgs__rosidl_typesupport_fastrtps_cpp.dir/rosidl_typesupport_fastrtps_cpp/fs_msgs/msg/detail/dds_fastrtps/wheel_states__type_support.cpp.o[0m
[16.066s] [ 49%] [32mBuilding CXX object CMakeFiles/fs_msgs__rosidl_typesupport_fastrtps_c.dir/rosidl_typesupport_fastrtps_c/fs_msgs/msg/detail/wheel_states__type_support_c.cpp.o[0m
[16.083s] [ 49%] Built target fs_msgs__rosidl_typesupport_cpp
[16.099s] [ 50%] [32mBuilding CXX object CMakeFiles/fs_msgs__rosidl_typesupport_introspection_cpp.dir/rosidl_typesupport_introspection_cpp/fs_msgs/msg/detail/motion__type_support.cpp.o[0m
[16.430s] [ 51%] [32mBuilding CXX object CMakeFiles/fs_msgs__rosidl_typesupport_fastrtps_cpp.dir/rosidl_typesupport_fastrtps_cpp/fs_msgs/msg/detail/dds_fastrtps/motion__type_support.cpp.o[0m
[16.854s] [ 52%] [32mBuilding CXX object CMakeFiles/fs_msgs__rosidl_typesupport_fastrtps_c.dir/rosidl_typesupport_fastrtps_c/fs_msgs/msg/detail/motion__type_support_c.cpp.o[0m
[16.872s] [ 53%] [32mBuilding CXX object CMakeFiles/fs_msgs__rosidl_typesupport_fastrtps_c.dir/rosidl_typesupport_fastrtps_c/fs_msgs/srv/detail/reset__type_support_c.cpp.o[0m
[17.073s] [ 54%] [32mBuilding CXX object CMakeFiles/fs_msgs__rosidl_typesupport_introspection_cpp.dir/rosidl_typesupport_introspection_cpp/fs_msgs/srv/detail/reset__type_support.cpp.o[0m
[17.402s] [ 55%] [32mBuilding CXX object CMakeFiles/fs_msgs__rosidl_typesupport_fastrtps_cpp.dir/rosidl_typesupport_fastrtps_cpp/fs_msgs/srv/detail/dds_fastrtps/reset__type_support.cpp.o[0m
[17.559s] [ 56%] [34m[1mGenerating C introspection for ROS interfaces[0m
[17.644s] [ 57%] [32m[1mLinking CXX shared library libfs_msgs__rosidl_typesupport_fastrtps_c.so[0m
[17.885s] [ 57%] Built target fs_msgs__rosidl_typesupport_fastrtps_c
[17.904s] [ 58%] [32m[1mLinking CXX shared library libfs_msgs__rosidl_typesupport_introspection_cpp.so[0m
[17.904s] [ 60%] [34m[1mGenerating C type support dispatch for ROS interfaces[0m
[18.137s] [ 60%] Built target fs_msgs__rosidl_typesupport_introspection_cpp
[18.223s] [ 61%] [32m[1mLinking CXX shared library libfs_msgs__rosidl_typesupport_fastrtps_cpp.so[0m
[18.396s] [ 61%] Built target fs_msgs__rosidl_typesupport_fastrtps_cpp
[18.841s] [ 62%] [32mBuilding C object CMakeFiles/fs_msgs__rosidl_typesupport_introspection_c.dir/rosidl_typesupport_introspection_c/fs_msgs/msg/detail/go_signal__type_support.c.o[0m
[18.841s] [ 63%] [32mBuilding C object CMakeFiles/fs_msgs__rosidl_typesupport_introspection_c.dir/rosidl_typesupport_introspection_c/fs_msgs/msg/detail/finished_signal__type_support.c.o[0m
[18.842s] [ 64%] [32mBuilding C object CMakeFiles/fs_msgs__rosidl_typesupport_introspection_c.dir/rosidl_typesupport_introspection_c/fs_msgs/msg/detail/control_command__type_support.c.o[0m
[18.951s] [ 65%] [32mBuilding C object CMakeFiles/fs_msgs__rosidl_typesupport_introspection_c.dir/rosidl_typesupport_introspection_c/fs_msgs/msg/detail/extra_info__type_support.c.o[0m
[18.952s] [ 66%] [32mBuilding C object CMakeFiles/fs_msgs__rosidl_typesupport_introspection_c.dir/rosidl_typesupport_introspection_c/fs_msgs/msg/detail/cone__type_support.c.o[0m
[18.958s] [ 67%] [32mBuilding C object CMakeFiles/fs_msgs__rosidl_typesupport_introspection_c.dir/rosidl_typesupport_introspection_c/fs_msgs/msg/detail/track__type_support.c.o[0m
[18.968s] [ 68%] [32mBuilding CXX object CMakeFiles/fs_msgs__rosidl_typesupport_c.dir/rosidl_typesupport_c/fs_msgs/msg/control_command__type_support.cpp.o[0m
[19.018s] [ 69%] [32mBuilding CXX object CMakeFiles/fs_msgs__rosidl_typesupport_c.dir/rosidl_typesupport_c/fs_msgs/msg/finished_signal__type_support.cpp.o[0m
[19.024s] [ 70%] [32mBuilding C object CMakeFiles/fs_msgs__rosidl_typesupport_introspection_c.dir/rosidl_typesupport_introspection_c/fs_msgs/msg/detail/wheel_states__type_support.c.o[0m
[19.034s] [ 71%] [32mBuilding CXX object CMakeFiles/fs_msgs__rosidl_typesupport_c.dir/rosidl_typesupport_c/fs_msgs/msg/go_signal__type_support.cpp.o[0m
[19.078s] [ 72%] [32mBuilding CXX object CMakeFiles/fs_msgs__rosidl_typesupport_c.dir/rosidl_typesupport_c/fs_msgs/msg/track__type_support.cpp.o[0m
[19.082s] [ 73%] [32mBuilding CXX object CMakeFiles/fs_msgs__rosidl_typesupport_c.dir/rosidl_typesupport_c/fs_msgs/msg/cone__type_support.cpp.o[0m
[19.093s] [ 74%] [32mBuilding CXX object CMakeFiles/fs_msgs__rosidl_typesupport_c.dir/rosidl_typesupport_c/fs_msgs/msg/extra_info__type_support.cpp.o[0m
[19.097s] [ 75%] [32mBuilding C object CMakeFiles/fs_msgs__rosidl_typesupport_introspection_c.dir/rosidl_typesupport_introspection_c/fs_msgs/msg/detail/motion__type_support.c.o[0m
[19.138s] [ 76%] [32mBuilding CXX object CMakeFiles/fs_msgs__rosidl_typesupport_c.dir/rosidl_typesupport_c/fs_msgs/msg/wheel_states__type_support.cpp.o[0m
[19.143s] [ 77%] [32mBuilding CXX object CMakeFiles/fs_msgs__rosidl_typesupport_c.dir/rosidl_typesupport_c/fs_msgs/msg/motion__type_support.cpp.o[0m
[19.170s] [ 78%] [32mBuilding CXX object CMakeFiles/fs_msgs__rosidl_typesupport_c.dir/rosidl_typesupport_c/fs_msgs/srv/reset__type_support.cpp.o[0m
[19.191s] [ 80%] [32mBuilding C object CMakeFiles/fs_msgs__rosidl_typesupport_introspection_c.dir/rosidl_typesupport_introspection_c/fs_msgs/srv/detail/reset__type_support.c.o[0m
[19.218s] [ 81%] [32m[1mLinking CXX shared library libfs_msgs__rosidl_typesupport_c.so[0m
[19.246s] [ 82%] [32m[1mLinking C shared library libfs_msgs__rosidl_typesupport_introspection_c.so[0m
[19.279s] [ 82%] Built target fs_msgs__rosidl_typesupport_c
[19.305s] [ 82%] Built target fs_msgs__rosidl_typesupport_introspection_c
[19.328s] [ 82%] Built target fs_msgs
[19.355s] [ 83%] [34m[1mGenerating Python code for ROS interfaces[0m
[21.325s] [ 83%] Built target fs_msgs__py
[21.357s] [ 85%] [32mBuilding C object CMakeFiles/fs_msgs__rosidl_generator_py.dir/rosidl_generator_py/fs_msgs/msg/_finished_signal_s.c.o[0m
[21.357s] [ 85%] [32mBuilding C object CMakeFiles/fs_msgs__rosidl_generator_py.dir/rosidl_generator_py/fs_msgs/msg/_control_command_s.c.o[0m
[21.357s] [ 86%] [32mBuilding C object CMakeFiles/fs_msgs__rosidl_generator_py.dir/rosidl_generator_py/fs_msgs/msg/_track_s.c.o[0m
[21.358s] [ 87%] [32mBuilding C object CMakeFiles/fs_msgs__rosidl_generator_py.dir/rosidl_generator_py/fs_msgs/msg/_go_signal_s.c.o[0m
[22.092s] [ 90%] [32mBuilding C object CMakeFiles/fs_msgs__rosidl_generator_py.dir/rosidl_generator_py/fs_msgs/msg/_cone_s.c.o[0m
[22.093s] [ 90%] [32mBuilding C object CMakeFiles/fs_msgs__rosidl_generator_py.dir/rosidl_generator_py/fs_msgs/msg/_wheel_states_s.c.o[0m
[22.093s] [ 90%] [32mBuilding C object CMakeFiles/fs_msgs__rosidl_generator_py.dir/rosidl_generator_py/fs_msgs/msg/_extra_info_s.c.o[0m
[22.107s] [ 91%] [32mBuilding C object CMakeFiles/fs_msgs__rosidl_generator_py.dir/rosidl_generator_py/fs_msgs/msg/_motion_s.c.o[0m
[22.350s] [ 92%] [32mBuilding C object CMakeFiles/fs_msgs__rosidl_generator_py.dir/rosidl_generator_py/fs_msgs/srv/_reset_s.c.o[0m
[22.511s] [ 93%] [32m[1mLinking C shared library rosidl_generator_py/fs_msgs/libfs_msgs__rosidl_generator_py.so[0m
[22.714s] [ 93%] Built target fs_msgs__rosidl_generator_py
[22.745s] [ 94%] [32mBuilding C object CMakeFiles/fs_msgs__rosidl_typesupport_c__pyext.dir/rosidl_generator_py/fs_msgs/_fs_msgs_s.ep.rosidl_typesupport_c.c.o[0m
[22.751s] [ 95%] [32mBuilding C object CMakeFiles/fs_msgs__rosidl_typesupport_introspection_c__pyext.dir/rosidl_generator_py/fs_msgs/_fs_msgs_s.ep.rosidl_typesupport_introspection_c.c.o[0m
[22.751s] [ 96%] [32mBuilding C object CMakeFiles/fs_msgs__rosidl_typesupport_fastrtps_c__pyext.dir/rosidl_generator_py/fs_msgs/_fs_msgs_s.ep.rosidl_typesupport_fastrtps_c.c.o[0m
[22.993s] [ 97%] [32m[1mLinking C shared library rosidl_generator_py/fs_msgs/fs_msgs_s__rosidl_typesupport_introspection_c.cpython-310-x86_64-linux-gnu.so[0m
[23.006s] [ 98%] [32m[1mLinking C shared library rosidl_generator_py/fs_msgs/fs_msgs_s__rosidl_typesupport_c.cpython-310-x86_64-linux-gnu.so[0m
[23.054s] [100%] [32m[1mLinking C shared library rosidl_generator_py/fs_msgs/fs_msgs_s__rosidl_typesupport_fastrtps_c.cpython-310-x86_64-linux-gnu.so[0m
[23.079s] [100%] Built target fs_msgs__rosidl_typesupport_introspection_c__pyext
[23.090s] [100%] Built target fs_msgs__rosidl_typesupport_c__pyext
[23.122s] [100%] Built target fs_msgs__rosidl_typesupport_fastrtps_c__pyext
[23.139s] Invoked command in '/home/yasmin-nunes/fs_msgs/build/fs_msgs' returned '0': CMAKE_PREFIX_PATH=${CMAKE_PREFIX_PATH}:/opt/ros/humble /usr/bin/cmake --build /home/yasmin-nunes/fs_msgs/build/fs_msgs -- -j4 -l4
[23.424s] Invoking command in '/home/yasmin-nunes/fs_msgs/build/fs_msgs': CMAKE_PREFIX_PATH=${CMAKE_PREFIX_PATH}:/opt/ros/humble /usr/bin/cmake --install /home/yasmin-nunes/fs_msgs/build/fs_msgs
[23.432s] -- Install configuration: ""
[23.433s] -- Installing: /home/yasmin-nunes/fs_msgs/install/fs_msgs/share/ament_index/resource_index/rosidl_interfaces/fs_msgs
[23.433s] -- Installing: /home/yasmin-nunes/fs_msgs/install/fs_msgs/include/fs_msgs/fs_msgs
[23.433s] -- Installing: /home/yasmin-nunes/fs_msgs/install/fs_msgs/include/fs_msgs/fs_msgs/srv
[23.433s] -- Installing: /home/yasmin-nunes/fs_msgs/install/fs_msgs/include/fs_msgs/fs_msgs/srv/reset.h
[23.433s] -- Installing: /home/yasmin-nunes/fs_msgs/install/fs_msgs/include/fs_msgs/fs_msgs/srv/detail
[23.434s] -- Installing: /home/yasmin-nunes/fs_msgs/install/fs_msgs/include/fs_msgs/fs_msgs/srv/detail/reset__struct.h
[23.434s] -- Installing: /home/yasmin-nunes/fs_msgs/install/fs_msgs/include/fs_msgs/fs_msgs/srv/detail/reset__type_support.h
[23.434s] -- Installing: /home/yasmin-nunes/fs_msgs/install/fs_msgs/include/fs_msgs/fs_msgs/srv/detail/reset__functions.c
[23.434s] -- Installing: /home/yasmin-nunes/fs_msgs/install/fs_msgs/include/fs_msgs/fs_msgs/srv/detail/reset__functions.h
[23.434s] -- Installing: /home/yasmin-nunes/fs_msgs/install/fs_msgs/include/fs_msgs/fs_msgs/msg
[23.434s] -- Installing: /home/yasmin-nunes/fs_msgs/install/fs_msgs/include/fs_msgs/fs_msgs/msg/go_signal.h
[23.434s] -- Installing: /home/yasmin-nunes/fs_msgs/install/fs_msgs/include/fs_msgs/fs_msgs/msg/motion.h
[23.435s] -- Installing: /home/yasmin-nunes/fs_msgs/install/fs_msgs/include/fs_msgs/fs_msgs/msg/cone.h
[23.435s] -- Installing: /home/yasmin-nunes/fs_msgs/install/fs_msgs/include/fs_msgs/fs_msgs/msg/rosidl_generator_c__visibility_control.h
[23.435s] -- Installing: /home/yasmin-nunes/fs_msgs/install/fs_msgs/include/fs_msgs/fs_msgs/msg/finished_signal.h
[23.435s] -- Installing: /home/yasmin-nunes/fs_msgs/install/fs_msgs/include/fs_msgs/fs_msgs/msg/wheel_states.h
[23.435s] -- Installing: /home/yasmin-nunes/fs_msgs/install/fs_msgs/include/fs_msgs/fs_msgs/msg/extra_info.h
[23.435s] -- Installing: /home/yasmin-nunes/fs_msgs/install/fs_msgs/include/fs_msgs/fs_msgs/msg/detail
[23.436s] -- Installing: /home/yasmin-nunes/fs_msgs/install/fs_msgs/include/fs_msgs/fs_msgs/msg/detail/cone__type_support.h
[23.436s] -- Installing: /home/yasmin-nunes/fs_msgs/install/fs_msgs/include/fs_msgs/fs_msgs/msg/detail/cone__functions.h
[23.436s] -- Installing: /home/yasmin-nunes/fs_msgs/install/fs_msgs/include/fs_msgs/fs_msgs/msg/detail/wheel_states__type_support.h
[23.436s] -- Installing: /home/yasmin-nunes/fs_msgs/install/fs_msgs/include/fs_msgs/fs_msgs/msg/detail/motion__type_support.h
[23.436s] -- Installing: /home/yasmin-nunes/fs_msgs/install/fs_msgs/include/fs_msgs/fs_msgs/msg/detail/control_command__functions.c
[23.436s] -- Installing: /home/yasmin-nunes/fs_msgs/install/fs_msgs/include/fs_msgs/fs_msgs/msg/detail/track__functions.h
[23.437s] -- Installing: /home/yasmin-nunes/fs_msgs/install/fs_msgs/include/fs_msgs/fs_msgs/msg/detail/extra_info__struct.h
[23.437s] -- Installing: /home/yasmin-nunes/fs_msgs/install/fs_msgs/include/fs_msgs/fs_msgs/msg/detail/motion__functions.c
[23.437s] -- Installing: /home/yasmin-nunes/fs_msgs/install/fs_msgs/include/fs_msgs/fs_msgs/msg/detail/control_command__type_support.h
[23.438s] -- Installing: /home/yasmin-nunes/fs_msgs/install/fs_msgs/include/fs_msgs/fs_msgs/msg/detail/finished_signal__struct.h
[23.438s] -- Installing: /home/yasmin-nunes/fs_msgs/install/fs_msgs/include/fs_msgs/fs_msgs/msg/detail/finished_signal__functions.c
[23.439s] -- Installing: /home/yasmin-nunes/fs_msgs/install/fs_msgs/include/fs_msgs/fs_msgs/msg/detail/control_command__struct.h
[23.439s] -- Installing: /home/yasmin-nunes/fs_msgs/install/fs_msgs/include/fs_msgs/fs_msgs/msg/detail/go_signal__functions.h
[23.439s] -- Installing: /home/yasmin-nunes/fs_msgs/install/fs_msgs/include/fs_msgs/fs_msgs/msg/detail/go_signal__functions.c
[23.439s] -- Installing: /home/yasmin-nunes/fs_msgs/install/fs_msgs/include/fs_msgs/fs_msgs/msg/detail/wheel_states__struct.h
[23.439s] -- Installing: /home/yasmin-nunes/fs_msgs/install/fs_msgs/include/fs_msgs/fs_msgs/msg/detail/track__struct.h
[23.440s] -- Installing: /home/yasmin-nunes/fs_msgs/install/fs_msgs/include/fs_msgs/fs_msgs/msg/detail/track__functions.c
[23.440s] -- Installing: /home/yasmin-nunes/fs_msgs/install/fs_msgs/include/fs_msgs/fs_msgs/msg/detail/track__type_support.h
[23.440s] -- Installing: /home/yasmin-nunes/fs_msgs/install/fs_msgs/include/fs_msgs/fs_msgs/msg/detail/extra_info__functions.c
[23.440s] -- Installing: /home/yasmin-nunes/fs_msgs/install/fs_msgs/include/fs_msgs/fs_msgs/msg/detail/wheel_states__functions.c
[23.440s] -- Installing: /home/yasmin-nunes/fs_msgs/install/fs_msgs/include/fs_msgs/fs_msgs/msg/detail/cone__struct.h
[23.440s] -- Installing: /home/yasmin-nunes/fs_msgs/install/fs_msgs/include/fs_msgs/fs_msgs/msg/detail/control_command__functions.h
[23.441s] -- Installing: /home/yasmin-nunes/fs_msgs/install/fs_msgs/include/fs_msgs/fs_msgs/msg/detail/finished_signal__type_support.h
[23.441s] -- Installing: /home/yasmin-nunes/fs_msgs/install/fs_msgs/include/fs_msgs/fs_msgs/msg/detail/go_signal__type_support.h
[23.441s] -- Installing: /home/yasmin-nunes/fs_msgs/install/fs_msgs/include/fs_msgs/fs_msgs/msg/detail/extra_info__type_support.h
[23.441s] -- Installing: /home/yasmin-nunes/fs_msgs/install/fs_msgs/include/fs_msgs/fs_msgs/msg/detail/motion__functions.h
[23.441s] -- Installing: /home/yasmin-nunes/fs_msgs/install/fs_msgs/include/fs_msgs/fs_msgs/msg/detail/cone__functions.c
[23.442s] -- Installing: /home/yasmin-nunes/fs_msgs/install/fs_msgs/include/fs_msgs/fs_msgs/msg/detail/wheel_states__functions.h
[23.442s] -- Installing: /home/yasmin-nunes/fs_msgs/install/fs_msgs/include/fs_msgs/fs_msgs/msg/detail/go_signal__struct.h
[23.442s] -- Installing: /home/yasmin-nunes/fs_msgs/install/fs_msgs/include/fs_msgs/fs_msgs/msg/detail/motion__struct.h
[23.442s] -- Installing: /home/yasmin-nunes/fs_msgs/install/fs_msgs/include/fs_msgs/fs_msgs/msg/detail/extra_info__functions.h
[23.442s] -- Installing: /home/yasmin-nunes/fs_msgs/install/fs_msgs/include/fs_msgs/fs_msgs/msg/detail/finished_signal__functions.h
[23.442s] -- Installing: /home/yasmin-nunes/fs_msgs/install/fs_msgs/include/fs_msgs/fs_msgs/msg/track.h
[23.443s] -- Installing: /home/yasmin-nunes/fs_msgs/install/fs_msgs/include/fs_msgs/fs_msgs/msg/control_command.h
[23.443s] -- Installing: /home/yasmin-nunes/fs_msgs/install/fs_msgs/share/fs_msgs/environment/library_path.sh
[23.443s] -- Installing: /home/yasmin-nunes/fs_msgs/install/fs_msgs/share/fs_msgs/environment/library_path.dsv
[23.443s] -- Installing: /home/yasmin-nunes/fs_msgs/install/fs_msgs/lib/libfs_msgs__rosidl_generator_c.so
[23.444s] -- Set runtime path of "/home/yasmin-nunes/fs_msgs/install/fs_msgs/lib/libfs_msgs__rosidl_generator_c.so" to ""
[23.444s] -- Up-to-date: /home/yasmin-nunes/fs_msgs/install/fs_msgs/include/fs_msgs/fs_msgs
[23.444s] -- Up-to-date: /home/yasmin-nunes/fs_msgs/install/fs_msgs/include/fs_msgs/fs_msgs/srv
[23.444s] -- Up-to-date: /home/yasmin-nunes/fs_msgs/install/fs_msgs/include/fs_msgs/fs_msgs/srv/detail
[23.444s] -- Installing: /home/yasmin-nunes/fs_msgs/install/fs_msgs/include/fs_msgs/fs_msgs/srv/detail/reset__rosidl_typesupport_fastrtps_c.h
[23.445s] -- Up-to-date: /home/yasmin-nunes/fs_msgs/install/fs_msgs/include/fs_msgs/fs_msgs/msg
[23.445s] -- Up-to-date: /home/yasmin-nunes/fs_msgs/install/fs_msgs/include/fs_msgs/fs_msgs/msg/detail
[23.445s] -- Installing: /home/yasmin-nunes/fs_msgs/install/fs_msgs/include/fs_msgs/fs_msgs/msg/detail/track__rosidl_typesupport_fastrtps_c.h
[23.445s] -- Installing: /home/yasmin-nunes/fs_msgs/install/fs_msgs/include/fs_msgs/fs_msgs/msg/detail/wheel_states__rosidl_typesupport_fastrtps_c.h
[23.445s] -- Installing: /home/yasmin-nunes/fs_msgs/install/fs_msgs/include/fs_msgs/fs_msgs/msg/detail/control_command__rosidl_typesupport_fastrtps_c.h
[23.446s] -- Installing: /home/yasmin-nunes/fs_msgs/install/fs_msgs/include/fs_msgs/fs_msgs/msg/detail/extra_info__rosidl_typesupport_fastrtps_c.h
[23.446s] -- Installing: /home/yasmin-nunes/fs_msgs/install/fs_msgs/include/fs_msgs/fs_msgs/msg/detail/finished_signal__rosidl_typesupport_fastrtps_c.h
[23.446s] -- Installing: /home/yasmin-nunes/fs_msgs/install/fs_msgs/include/fs_msgs/fs_msgs/msg/detail/motion__rosidl_typesupport_fastrtps_c.h
[23.446s] -- Installing: /home/yasmin-nunes/fs_msgs/install/fs_msgs/include/fs_msgs/fs_msgs/msg/detail/cone__rosidl_typesupport_fastrtps_c.h
[23.446s] -- Installing: /home/yasmin-nunes/fs_msgs/install/fs_msgs/include/fs_msgs/fs_msgs/msg/detail/go_signal__rosidl_typesupport_fastrtps_c.h
[23.446s] -- Installing: /home/yasmin-nunes/fs_msgs/install/fs_msgs/include/fs_msgs/fs_msgs/msg/rosidl_typesupport_fastrtps_c__visibility_control.h
[23.447s] -- Installing: /home/yasmin-nunes/fs_msgs/install/fs_msgs/lib/libfs_msgs__rosidl_typesupport_fastrtps_c.so
[23.447s] -- Set runtime path of "/home/yasmin-nunes/fs_msgs/install/fs_msgs/lib/libfs_msgs__rosidl_typesupport_fastrtps_c.so" to ""
[23.447s] -- Up-to-date: /home/yasmin-nunes/fs_msgs/install/fs_msgs/include/fs_msgs/fs_msgs
[23.447s] -- Up-to-date: /home/yasmin-nunes/fs_msgs/install/fs_msgs/include/fs_msgs/fs_msgs/srv
[23.447s] -- Installing: /home/yasmin-nunes/fs_msgs/install/fs_msgs/include/fs_msgs/fs_msgs/srv/reset.hpp
[23.447s] -- Up-to-date: /home/yasmin-nunes/fs_msgs/install/fs_msgs/include/fs_msgs/fs_msgs/srv/detail
[23.448s] -- Installing: /home/yasmin-nunes/fs_msgs/install/fs_msgs/include/fs_msgs/fs_msgs/srv/detail/reset__builder.hpp
[23.448s] -- Installing: /home/yasmin-nunes/fs_msgs/install/fs_msgs/include/fs_msgs/fs_msgs/srv/detail/reset__struct.hpp
[23.448s] -- Installing: /home/yasmin-nunes/fs_msgs/install/fs_msgs/include/fs_msgs/fs_msgs/srv/detail/reset__traits.hpp
[23.448s] -- Up-to-date: /home/yasmin-nunes/fs_msgs/install/fs_msgs/include/fs_msgs/fs_msgs/msg
[23.448s] -- Installing: /home/yasmin-nunes/fs_msgs/install/fs_msgs/include/fs_msgs/fs_msgs/msg/finished_signal.hpp
[23.449s] -- Installing: /home/yasmin-nunes/fs_msgs/install/fs_msgs/include/fs_msgs/fs_msgs/msg/wheel_states.hpp
[23.449s] -- Installing: /home/yasmin-nunes/fs_msgs/install/fs_msgs/include/fs_msgs/fs_msgs/msg/motion.hpp
[23.449s] -- Installing: /home/yasmin-nunes/fs_msgs/install/fs_msgs/include/fs_msgs/fs_msgs/msg/track.hpp
[23.450s] -- Installing: /home/yasmin-nunes/fs_msgs/install/fs_msgs/include/fs_msgs/fs_msgs/msg/go_signal.hpp
[23.450s] -- Up-to-date: /home/yasmin-nunes/fs_msgs/install/fs_msgs/include/fs_msgs/fs_msgs/msg/detail
[23.450s] -- Installing: /home/yasmin-nunes/fs_msgs/install/fs_msgs/include/fs_msgs/fs_msgs/msg/detail/finished_signal__traits.hpp
[23.450s] -- Installing: /home/yasmin-nunes/fs_msgs/install/fs_msgs/include/fs_msgs/fs_msgs/msg/detail/control_command__traits.hpp
[23.450s] -- Installing: /home/yasmin-nunes/fs_msgs/install/fs_msgs/include/fs_msgs/fs_msgs/msg/detail/go_signal__struct.hpp
[23.451s] -- Installing: /home/yasmin-nunes/fs_msgs/install/fs_msgs/include/fs_msgs/fs_msgs/msg/detail/track__builder.hpp
[23.451s] -- Installing: /home/yasmin-nunes/fs_msgs/install/fs_msgs/include/fs_msgs/fs_msgs/msg/detail/cone__struct.hpp
[23.451s] -- Installing: /home/yasmin-nunes/fs_msgs/install/fs_msgs/include/fs_msgs/fs_msgs/msg/detail/motion__struct.hpp
[23.451s] -- Installing: /home/yasmin-nunes/fs_msgs/install/fs_msgs/include/fs_msgs/fs_msgs/msg/detail/wheel_states__builder.hpp
[23.451s] -- Installing: /home/yasmin-nunes/fs_msgs/install/fs_msgs/include/fs_msgs/fs_msgs/msg/detail/motion__traits.hpp
[23.451s] -- Installing: /home/yasmin-nunes/fs_msgs/install/fs_msgs/include/fs_msgs/fs_msgs/msg/detail/extra_info__builder.hpp
[23.451s] -- Installing: /home/yasmin-nunes/fs_msgs/install/fs_msgs/include/fs_msgs/fs_msgs/msg/detail/extra_info__traits.hpp
[23.451s] -- Installing: /home/yasmin-nunes/fs_msgs/install/fs_msgs/include/fs_msgs/fs_msgs/msg/detail/cone__builder.hpp
[23.452s] -- Installing: /home/yasmin-nunes/fs_msgs/install/fs_msgs/include/fs_msgs/fs_msgs/msg/detail/track__traits.hpp
[23.452s] -- Installing: /home/yasmin-nunes/fs_msgs/install/fs_msgs/include/fs_msgs/fs_msgs/msg/detail/go_signal__builder.hpp
[23.452s] -- Installing: /home/yasmin-nunes/fs_msgs/install/fs_msgs/include/fs_msgs/fs_msgs/msg/detail/cone__traits.hpp
[23.452s] -- Installing: /home/yasmin-nunes/fs_msgs/install/fs_msgs/include/fs_msgs/fs_msgs/msg/detail/finished_signal__struct.hpp
[23.452s] -- Installing: /home/yasmin-nunes/fs_msgs/install/fs_msgs/include/fs_msgs/fs_msgs/msg/detail/control_command__builder.hpp
[23.452s] -- Installing: /home/yasmin-nunes/fs_msgs/install/fs_msgs/include/fs_msgs/fs_msgs/msg/detail/go_signal__traits.hpp
[23.453s] -- Installing: /home/yasmin-nunes/fs_msgs/install/fs_msgs/include/fs_msgs/fs_msgs/msg/detail/wheel_states__struct.hpp
[23.453s] -- Installing: /home/yasmin-nunes/fs_msgs/install/fs_msgs/include/fs_msgs/fs_msgs/msg/detail/control_command__struct.hpp
[23.453s] -- Installing: /home/yasmin-nunes/fs_msgs/install/fs_msgs/include/fs_msgs/fs_msgs/msg/detail/wheel_states__traits.hpp
[23.453s] -- Installing: /home/yasmin-nunes/fs_msgs/install/fs_msgs/include/fs_msgs/fs_msgs/msg/detail/extra_info__struct.hpp
[23.453s] -- Installing: /home/yasmin-nunes/fs_msgs/install/fs_msgs/include/fs_msgs/fs_msgs/msg/detail/finished_signal__builder.hpp
[23.454s] -- Installing: /home/yasmin-nunes/fs_msgs/install/fs_msgs/include/fs_msgs/fs_msgs/msg/detail/motion__builder.hpp
[23.454s] -- Installing: /home/yasmin-nunes/fs_msgs/install/fs_msgs/include/fs_msgs/fs_msgs/msg/detail/track__struct.hpp
[23.454s] -- Installing: /home/yasmin-nunes/fs_msgs/install/fs_msgs/include/fs_msgs/fs_msgs/msg/extra_info.hpp
[23.454s] -- Installing: /home/yasmin-nunes/fs_msgs/install/fs_msgs/include/fs_msgs/fs_msgs/msg/cone.hpp
[23.454s] -- Installing: /home/yasmin-nunes/fs_msgs/install/fs_msgs/include/fs_msgs/fs_msgs/msg/control_command.hpp
[23.454s] -- Up-to-date: /home/yasmin-nunes/fs_msgs/install/fs_msgs/include/fs_msgs/fs_msgs
[23.455s] -- Up-to-date: /home/yasmin-nunes/fs_msgs/install/fs_msgs/include/fs_msgs/fs_msgs/srv
[23.457s] -- Up-to-date: /home/yasmin-nunes/fs_msgs/install/fs_msgs/include/fs_msgs/fs_msgs/srv/detail
[23.457s] -- Installing: /home/yasmin-nunes/fs_msgs/install/fs_msgs/include/fs_msgs/fs_msgs/srv/detail/dds_fastrtps
[23.457s] -- Installing: /home/yasmin-nunes/fs_msgs/install/fs_msgs/include/fs_msgs/fs_msgs/srv/detail/reset__rosidl_typesupport_fastrtps_cpp.hpp
[23.457s] -- Up-to-date: /home/yasmin-nunes/fs_msgs/install/fs_msgs/include/fs_msgs/fs_msgs/msg
[23.458s] -- Installing: /home/yasmin-nunes/fs_msgs/install/fs_msgs/include/fs_msgs/fs_msgs/msg/rosidl_typesupport_fastrtps_cpp__visibility_control.h
[23.458s] -- Up-to-date: /home/yasmin-nunes/fs_msgs/install/fs_msgs/include/fs_msgs/fs_msgs/msg/detail
[23.458s] -- Installing: /home/yasmin-nunes/fs_msgs/install/fs_msgs/include/fs_msgs/fs_msgs/msg/detail/motion__rosidl_typesupport_fastrtps_cpp.hpp
[23.458s] -- Installing: /home/yasmin-nunes/fs_msgs/install/fs_msgs/include/fs_msgs/fs_msgs/msg/detail/control_command__rosidl_typesupport_fastrtps_cpp.hpp
[23.458s] -- Installing: /home/yasmin-nunes/fs_msgs/install/fs_msgs/include/fs_msgs/fs_msgs/msg/detail/wheel_states__rosidl_typesupport_fastrtps_cpp.hpp
[23.458s] -- Installing: /home/yasmin-nunes/fs_msgs/install/fs_msgs/include/fs_msgs/fs_msgs/msg/detail/track__rosidl_typesupport_fastrtps_cpp.hpp
[23.458s] -- Installing: /home/yasmin-nunes/fs_msgs/install/fs_msgs/include/fs_msgs/fs_msgs/msg/detail/dds_fastrtps
[23.459s] -- Installing: /home/yasmin-nunes/fs_msgs/install/fs_msgs/include/fs_msgs/fs_msgs/msg/detail/cone__rosidl_typesupport_fastrtps_cpp.hpp
[23.459s] -- Installing: /home/yasmin-nunes/fs_msgs/install/fs_msgs/include/fs_msgs/fs_msgs/msg/detail/extra_info__rosidl_typesupport_fastrtps_cpp.hpp
[23.459s] -- Installing: /home/yasmin-nunes/fs_msgs/install/fs_msgs/include/fs_msgs/fs_msgs/msg/detail/go_signal__rosidl_typesupport_fastrtps_cpp.hpp
[23.459s] -- Installing: /home/yasmin-nunes/fs_msgs/install/fs_msgs/include/fs_msgs/fs_msgs/msg/detail/finished_signal__rosidl_typesupport_fastrtps_cpp.hpp
[23.459s] -- Installing: /home/yasmin-nunes/fs_msgs/install/fs_msgs/lib/libfs_msgs__rosidl_typesupport_fastrtps_cpp.so
[23.459s] -- Set runtime path of "/home/yasmin-nunes/fs_msgs/install/fs_msgs/lib/libfs_msgs__rosidl_typesupport_fastrtps_cpp.so" to ""
[23.460s] -- Up-to-date: /home/yasmin-nunes/fs_msgs/install/fs_msgs/include/fs_msgs/fs_msgs
[23.460s] -- Up-to-date: /home/yasmin-nunes/fs_msgs/install/fs_msgs/include/fs_msgs/fs_msgs/srv
[23.460s] -- Up-to-date: /home/yasmin-nunes/fs_msgs/install/fs_msgs/include/fs_msgs/fs_msgs/srv/detail
[23.460s] -- Installing: /home/yasmin-nunes/fs_msgs/install/fs_msgs/include/fs_msgs/fs_msgs/srv/detail/reset__type_support.c
[23.460s] -- Installing: /home/yasmin-nunes/fs_msgs/install/fs_msgs/include/fs_msgs/fs_msgs/srv/detail/reset__rosidl_typesupport_introspection_c.h
[23.460s] -- Up-to-date: /home/yasmin-nunes/fs_msgs/install/fs_msgs/include/fs_msgs/fs_msgs/msg
[23.461s] -- Up-to-date: /home/yasmin-nunes/fs_msgs/install/fs_msgs/include/fs_msgs/fs_msgs/msg/detail
[23.461s] -- Installing: /home/yasmin-nunes/fs_msgs/install/fs_msgs/include/fs_msgs/fs_msgs/msg/detail/motion__type_support.c
[23.461s] -- Installing: /home/yasmin-nunes/fs_msgs/install/fs_msgs/include/fs_msgs/fs_msgs/msg/detail/wheel_states__type_support.c
[23.461s] -- Installing: /home/yasmin-nunes/fs_msgs/install/fs_msgs/include/fs_msgs/fs_msgs/msg/detail/go_signal__type_support.c
[23.461s] -- Installing: /home/yasmin-nunes/fs_msgs/install/fs_msgs/include/fs_msgs/fs_msgs/msg/detail/track__type_support.c
[23.461s] -- Installing: /home/yasmin-nunes/fs_msgs/install/fs_msgs/include/fs_msgs/fs_msgs/msg/detail/motion__rosidl_typesupport_introspection_c.h
[23.461s] -- Installing: /home/yasmin-nunes/fs_msgs/install/fs_msgs/include/fs_msgs/fs_msgs/msg/detail/extra_info__rosidl_typesupport_introspection_c.h
[23.462s] -- Installing: /home/yasmin-nunes/fs_msgs/install/fs_msgs/include/fs_msgs/fs_msgs/msg/detail/track__rosidl_typesupport_introspection_c.h
[23.462s] -- Installing: /home/yasmin-nunes/fs_msgs/install/fs_msgs/include/fs_msgs/fs_msgs/msg/detail/cone__type_support.c
[23.462s] -- Installing: /home/yasmin-nunes/fs_msgs/install/fs_msgs/include/fs_msgs/fs_msgs/msg/detail/control_command__type_support.c
[23.462s] -- Installing: /home/yasmin-nunes/fs_msgs/install/fs_msgs/include/fs_msgs/fs_msgs/msg/detail/wheel_states__rosidl_typesupport_introspection_c.h
[23.462s] -- Installing: /home/yasmin-nunes/fs_msgs/install/fs_msgs/include/fs_msgs/fs_msgs/msg/detail/finished_signal__type_support.c
[23.462s] -- Installing: /home/yasmin-nunes/fs_msgs/install/fs_msgs/include/fs_msgs/fs_msgs/msg/detail/go_signal__rosidl_typesupport_introspection_c.h
[23.463s] -- Installing: /home/yasmin-nunes/fs_msgs/install/fs_msgs/include/fs_msgs/fs_msgs/msg/detail/extra_info__type_support.c
[23.463s] -- Installing: /home/yasmin-nunes/fs_msgs/install/fs_msgs/include/fs_msgs/fs_msgs/msg/detail/finished_signal__rosidl_typesupport_introspection_c.h
[23.463s] -- Installing: /home/yasmin-nunes/fs_msgs/install/fs_msgs/include/fs_msgs/fs_msgs/msg/detail/cone__rosidl_typesupport_introspection_c.h
[23.463s] -- Installing: /home/yasmin-nunes/fs_msgs/install/fs_msgs/include/fs_msgs/fs_msgs/msg/detail/control_command__rosidl_typesupport_introspection_c.h
[23.463s] -- Installing: /home/yasmin-nunes/fs_msgs/install/fs_msgs/include/fs_msgs/fs_msgs/msg/rosidl_typesupport_introspection_c__visibility_control.h
[23.463s] -- Installing: /home/yasmin-nunes/fs_msgs/install/fs_msgs/lib/libfs_msgs__rosidl_typesupport_introspection_c.so
[23.464s] -- Set runtime path of "/home/yasmin-nunes/fs_msgs/install/fs_msgs/lib/libfs_msgs__rosidl_typesupport_introspection_c.so" to ""
[23.464s] -- Installing: /home/yasmin-nunes/fs_msgs/install/fs_msgs/lib/libfs_msgs__rosidl_typesupport_c.so
[23.465s] -- Set runtime path of "/home/yasmin-nunes/fs_msgs/install/fs_msgs/lib/libfs_msgs__rosidl_typesupport_c.so" to ""
[23.465s] -- Up-to-date: /home/yasmin-nunes/fs_msgs/install/fs_msgs/include/fs_msgs/fs_msgs
[23.465s] -- Up-to-date: /home/yasmin-nunes/fs_msgs/install/fs_msgs/include/fs_msgs/fs_msgs/srv
[23.465s] -- Up-to-date: /home/yasmin-nunes/fs_msgs/install/fs_msgs/include/fs_msgs/fs_msgs/srv/detail
[23.465s] -- Installing: /home/yasmin-nunes/fs_msgs/install/fs_msgs/include/fs_msgs/fs_msgs/srv/detail/reset__type_support.cpp
[23.465s] -- Installing: /home/yasmin-nunes/fs_msgs/install/fs_msgs/include/fs_msgs/fs_msgs/srv/detail/reset__rosidl_typesupport_introspection_cpp.hpp
[23.466s] -- Up-to-date: /home/yasmin-nunes/fs_msgs/install/fs_msgs/include/fs_msgs/fs_msgs/msg
[23.466s] -- Up-to-date: /home/yasmin-nunes/fs_msgs/install/fs_msgs/include/fs_msgs/fs_msgs/msg/detail
[23.466s] -- Installing: /home/yasmin-nunes/fs_msgs/install/fs_msgs/include/fs_msgs/fs_msgs/msg/detail/cone__type_support.cpp
[23.466s] -- Installing: /home/yasmin-nunes/fs_msgs/install/fs_msgs/include/fs_msgs/fs_msgs/msg/detail/go_signal__rosidl_typesupport_introspection_cpp.hpp
[23.466s] -- Installing: /home/yasmin-nunes/fs_msgs/install/fs_msgs/include/fs_msgs/fs_msgs/msg/detail/finished_signal__type_support.cpp
[23.466s] -- Installing: /home/yasmin-nunes/fs_msgs/install/fs_msgs/include/fs_msgs/fs_msgs/msg/detail/go_signal__type_support.cpp
[23.466s] -- Installing: /home/yasmin-nunes/fs_msgs/install/fs_msgs/include/fs_msgs/fs_msgs/msg/detail/motion__rosidl_typesupport_introspection_cpp.hpp
[23.467s] -- Installing: /home/yasmin-nunes/fs_msgs/install/fs_msgs/include/fs_msgs/fs_msgs/msg/detail/wheel_states__type_support.cpp
[23.467s] -- Installing: /home/yasmin-nunes/fs_msgs/install/fs_msgs/include/fs_msgs/fs_msgs/msg/detail/extra_info__rosidl_typesupport_introspection_cpp.hpp
[23.467s] -- Installing: /home/yasmin-nunes/fs_msgs/install/fs_msgs/include/fs_msgs/fs_msgs/msg/detail/motion__type_support.cpp
[23.467s] -- Installing: /home/yasmin-nunes/fs_msgs/install/fs_msgs/include/fs_msgs/fs_msgs/msg/detail/extra_info__type_support.cpp
[23.467s] -- Installing: /home/yasmin-nunes/fs_msgs/install/fs_msgs/include/fs_msgs/fs_msgs/msg/detail/cone__rosidl_typesupport_introspection_cpp.hpp
[23.467s] -- Installing: /home/yasmin-nunes/fs_msgs/install/fs_msgs/include/fs_msgs/fs_msgs/msg/detail/wheel_states__rosidl_typesupport_introspection_cpp.hpp
[23.467s] -- Installing: /home/yasmin-nunes/fs_msgs/install/fs_msgs/include/fs_msgs/fs_msgs/msg/detail/control_command__rosidl_typesupport_introspection_cpp.hpp
[23.467s] -- Installing: /home/yasmin-nunes/fs_msgs/install/fs_msgs/include/fs_msgs/fs_msgs/msg/detail/track__type_support.cpp
[23.468s] -- Installing: /home/yasmin-nunes/fs_msgs/install/fs_msgs/include/fs_msgs/fs_msgs/msg/detail/control_command__type_support.cpp
[23.468s] -- Installing: /home/yasmin-nunes/fs_msgs/install/fs_msgs/include/fs_msgs/fs_msgs/msg/detail/finished_signal__rosidl_typesupport_introspection_cpp.hpp
[23.468s] -- Installing: /home/yasmin-nunes/fs_msgs/install/fs_msgs/include/fs_msgs/fs_msgs/msg/detail/track__rosidl_typesupport_introspection_cpp.hpp
[23.468s] -- Installing: /home/yasmin-nunes/fs_msgs/install/fs_msgs/lib/libfs_msgs__rosidl_typesupport_introspection_cpp.so
[23.470s] -- Set runtime path of "/home/yasmin-nunes/fs_msgs/install/fs_msgs/lib/libfs_msgs__rosidl_typesupport_introspection_cpp.so" to ""
[23.471s] -- Installing: /home/yasmin-nunes/fs_msgs/install/fs_msgs/lib/libfs_msgs__rosidl_typesupport_cpp.so
[23.472s] -- Set runtime path of "/home/yasmin-nunes/fs_msgs/install/fs_msgs/lib/libfs_msgs__rosidl_typesupport_cpp.so" to ""
[23.472s] -- Installing: /home/yasmin-nunes/fs_msgs/install/fs_msgs/share/fs_msgs/environment/pythonpath.sh
[23.472s] -- Installing: /home/yasmin-nunes/fs_msgs/install/fs_msgs/share/fs_msgs/environment/pythonpath.dsv
[23.472s] -- Installing: /home/yasmin-nunes/fs_msgs/install/fs_msgs/local/lib/python3.10/dist-packages/fs_msgs-0.1.1-py3.10.egg-info
[23.473s] -- Installing: /home/yasmin-nunes/fs_msgs/install/fs_msgs/local/lib/python3.10/dist-packages/fs_msgs-0.1.1-py3.10.egg-info/top_level.txt
[23.473s] -- Installing: /home/yasmin-nunes/fs_msgs/install/fs_msgs/local/lib/python3.10/dist-packages/fs_msgs-0.1.1-py3.10.egg-info/SOURCES.txt
[23.473s] -- Installing: /home/yasmin-nunes/fs_msgs/install/fs_msgs/local/lib/python3.10/dist-packages/fs_msgs-0.1.1-py3.10.egg-info/dependency_links.txt
[23.473s] -- Installing: /home/yasmin-nunes/fs_msgs/install/fs_msgs/local/lib/python3.10/dist-packages/fs_msgs-0.1.1-py3.10.egg-info/PKG-INFO
[23.474s] -- Installing: /home/yasmin-nunes/fs_msgs/install/fs_msgs/local/lib/python3.10/dist-packages/fs_msgs
[23.474s] -- Installing: /home/yasmin-nunes/fs_msgs/install/fs_msgs/local/lib/python3.10/dist-packages/fs_msgs/fs_msgs_s__rosidl_typesupport_fastrtps_c.cpython-310-x86_64-linux-gnu.so
[23.474s] -- Installing: /home/yasmin-nunes/fs_msgs/install/fs_msgs/local/lib/python3.10/dist-packages/fs_msgs/srv
[23.475s] -- Installing: /home/yasmin-nunes/fs_msgs/install/fs_msgs/local/lib/python3.10/dist-packages/fs_msgs/srv/_reset.py
[23.475s] -- Installing: /home/yasmin-nunes/fs_msgs/install/fs_msgs/local/lib/python3.10/dist-packages/fs_msgs/srv/__init__.py
[23.475s] -- Installing: /home/yasmin-nunes/fs_msgs/install/fs_msgs/local/lib/python3.10/dist-packages/fs_msgs/srv/_reset_s.c
[23.475s] -- Installing: /home/yasmin-nunes/fs_msgs/install/fs_msgs/local/lib/python3.10/dist-packages/fs_msgs/__init__.py
[23.476s] -- Installing: /home/yasmin-nunes/fs_msgs/install/fs_msgs/local/lib/python3.10/dist-packages/fs_msgs/msg
[23.476s] -- Installing: /home/yasmin-nunes/fs_msgs/install/fs_msgs/local/lib/python3.10/dist-packages/fs_msgs/msg/_cone_s.c
[23.476s] -- Installing: /home/yasmin-nunes/fs_msgs/install/fs_msgs/local/lib/python3.10/dist-packages/fs_msgs/msg/_go_signal_s.c
[23.476s] -- Installing: /home/yasmin-nunes/fs_msgs/install/fs_msgs/local/lib/python3.10/dist-packages/fs_msgs/msg/_go_signal.py
[23.476s] -- Installing: /home/yasmin-nunes/fs_msgs/install/fs_msgs/local/lib/python3.10/dist-packages/fs_msgs/msg/__init__.py
[23.477s] -- Installing: /home/yasmin-nunes/fs_msgs/install/fs_msgs/local/lib/python3.10/dist-packages/fs_msgs/msg/_motion_s.c
[23.477s] -- Installing: /home/yasmin-nunes/fs_msgs/install/fs_msgs/local/lib/python3.10/dist-packages/fs_msgs/msg/_extra_info.py
[23.477s] -- Installing: /home/yasmin-nunes/fs_msgs/install/fs_msgs/local/lib/python3.10/dist-packages/fs_msgs/msg/_track_s.c
[23.477s] -- Installing: /home/yasmin-nunes/fs_msgs/install/fs_msgs/local/lib/python3.10/dist-packages/fs_msgs/msg/_cone.py
[23.477s] -- Installing: /home/yasmin-nunes/fs_msgs/install/fs_msgs/local/lib/python3.10/dist-packages/fs_msgs/msg/_wheel_states_s.c
[23.477s] -- Installing: /home/yasmin-nunes/fs_msgs/install/fs_msgs/local/lib/python3.10/dist-packages/fs_msgs/msg/_motion.py
[23.478s] -- Installing: /home/yasmin-nunes/fs_msgs/install/fs_msgs/local/lib/python3.10/dist-packages/fs_msgs/msg/_extra_info_s.c
[23.478s] -- Installing: /home/yasmin-nunes/fs_msgs/install/fs_msgs/local/lib/python3.10/dist-packages/fs_msgs/msg/_finished_signal.py
[23.478s] -- Installing: /home/yasmin-nunes/fs_msgs/install/fs_msgs/local/lib/python3.10/dist-packages/fs_msgs/msg/_control_command.py
[23.478s] -- Installing: /home/yasmin-nunes/fs_msgs/install/fs_msgs/local/lib/python3.10/dist-packages/fs_msgs/msg/_wheel_states.py
[23.478s] -- Installing: /home/yasmin-nunes/fs_msgs/install/fs_msgs/local/lib/python3.10/dist-packages/fs_msgs/msg/_track.py
[23.479s] -- Installing: /home/yasmin-nunes/fs_msgs/install/fs_msgs/local/lib/python3.10/dist-packages/fs_msgs/msg/_finished_signal_s.c
[23.479s] -- Installing: /home/yasmin-nunes/fs_msgs/install/fs_msgs/local/lib/python3.10/dist-packages/fs_msgs/msg/_control_command_s.c
[23.479s] -- Installing: /home/yasmin-nunes/fs_msgs/install/fs_msgs/local/lib/python3.10/dist-packages/fs_msgs/libfs_msgs__rosidl_generator_py.so
[23.479s] -- Installing: /home/yasmin-nunes/fs_msgs/install/fs_msgs/local/lib/python3.10/dist-packages/fs_msgs/_fs_msgs_s.ep.rosidl_typesupport_fastrtps_c.c
[23.479s] -- Installing: /home/yasmin-nunes/fs_msgs/install/fs_msgs/local/lib/python3.10/dist-packages/fs_msgs/fs_msgs_s__rosidl_typesupport_c.cpython-310-x86_64-linux-gnu.so
[23.479s] -- Installing: /home/yasmin-nunes/fs_msgs/install/fs_msgs/local/lib/python3.10/dist-packages/fs_msgs/fs_msgs_s__rosidl_typesupport_introspection_c.cpython-310-x86_64-linux-gnu.so
[23.480s] -- Installing: /home/yasmin-nunes/fs_msgs/install/fs_msgs/local/lib/python3.10/dist-packages/fs_msgs/_fs_msgs_s.ep.rosidl_typesupport_c.c
[23.480s] -- Installing: /home/yasmin-nunes/fs_msgs/install/fs_msgs/local/lib/python3.10/dist-packages/fs_msgs/_fs_msgs_s.ep.rosidl_typesupport_introspection_c.c
[23.559s] Listing '/home/yasmin-nunes/fs_msgs/install/fs_msgs/local/lib/python3.10/dist-packages/fs_msgs'...
[23.559s] Compiling '/home/yasmin-nunes/fs_msgs/install/fs_msgs/local/lib/python3.10/dist-packages/fs_msgs/__init__.py'...
[23.559s] Listing '/home/yasmin-nunes/fs_msgs/install/fs_msgs/local/lib/python3.10/dist-packages/fs_msgs/msg'...
[23.560s] Compiling '/home/yasmin-nunes/fs_msgs/install/fs_msgs/local/lib/python3.10/dist-packages/fs_msgs/msg/__init__.py'...
[23.560s] Compiling '/home/yasmin-nunes/fs_msgs/install/fs_msgs/local/lib/python3.10/dist-packages/fs_msgs/msg/_cone.py'...
[23.560s] Compiling '/home/yasmin-nunes/fs_msgs/install/fs_msgs/local/lib/python3.10/dist-packages/fs_msgs/msg/_control_command.py'...
[23.560s] Compiling '/home/yasmin-nunes/fs_msgs/install/fs_msgs/local/lib/python3.10/dist-packages/fs_msgs/msg/_extra_info.py'...
[23.560s] Compiling '/home/yasmin-nunes/fs_msgs/install/fs_msgs/local/lib/python3.10/dist-packages/fs_msgs/msg/_finished_signal.py'...
[23.560s] Compiling '/home/yasmin-nunes/fs_msgs/install/fs_msgs/local/lib/python3.10/dist-packages/fs_msgs/msg/_go_signal.py'...
[23.560s] Compiling '/home/yasmin-nunes/fs_msgs/install/fs_msgs/local/lib/python3.10/dist-packages/fs_msgs/msg/_motion.py'...
[23.560s] Compiling '/home/yasmin-nunes/fs_msgs/install/fs_msgs/local/lib/python3.10/dist-packages/fs_msgs/msg/_track.py'...
[23.560s] Compiling '/home/yasmin-nunes/fs_msgs/install/fs_msgs/local/lib/python3.10/dist-packages/fs_msgs/msg/_wheel_states.py'...
[23.560s] Listing '/home/yasmin-nunes/fs_msgs/install/fs_msgs/local/lib/python3.10/dist-packages/fs_msgs/srv'...
[23.560s] Compiling '/home/yasmin-nunes/fs_msgs/install/fs_msgs/local/lib/python3.10/dist-packages/fs_msgs/srv/__init__.py'...
[23.560s] Compiling '/home/yasmin-nunes/fs_msgs/install/fs_msgs/local/lib/python3.10/dist-packages/fs_msgs/srv/_reset.py'...
[23.566s] -- Installing: /home/yasmin-nunes/fs_msgs/install/fs_msgs/local/lib/python3.10/dist-packages/fs_msgs/fs_msgs_s__rosidl_typesupport_fastrtps_c.cpython-310-x86_64-linux-gnu.so
[23.566s] -- Set runtime path of "/home/yasmin-nunes/fs_msgs/install/fs_msgs/local/lib/python3.10/dist-packages/fs_msgs/fs_msgs_s__rosidl_typesupport_fastrtps_c.cpython-310-x86_64-linux-gnu.so" to ""
[23.566s] -- Installing: /home/yasmin-nunes/fs_msgs/install/fs_msgs/local/lib/python3.10/dist-packages/fs_msgs/fs_msgs_s__rosidl_typesupport_introspection_c.cpython-310-x86_64-linux-gnu.so
[23.567s] -- Set runtime path of "/home/yasmin-nunes/fs_msgs/install/fs_msgs/local/lib/python3.10/dist-packages/fs_msgs/fs_msgs_s__rosidl_typesupport_introspection_c.cpython-310-x86_64-linux-gnu.so" to ""
[23.567s] -- Installing: /home/yasmin-nunes/fs_msgs/install/fs_msgs/local/lib/python3.10/dist-packages/fs_msgs/fs_msgs_s__rosidl_typesupport_c.cpython-310-x86_64-linux-gnu.so
[23.568s] -- Set runtime path of "/home/yasmin-nunes/fs_msgs/install/fs_msgs/local/lib/python3.10/dist-packages/fs_msgs/fs_msgs_s__rosidl_typesupport_c.cpython-310-x86_64-linux-gnu.so" to ""
[23.568s] -- Installing: /home/yasmin-nunes/fs_msgs/install/fs_msgs/lib/libfs_msgs__rosidl_generator_py.so
[23.569s] -- Set runtime path of "/home/yasmin-nunes/fs_msgs/install/fs_msgs/lib/libfs_msgs__rosidl_generator_py.so" to ""
[23.569s] -- Installing: /home/yasmin-nunes/fs_msgs/install/fs_msgs/share/fs_msgs/msg/ControlCommand.idl
[23.569s] -- Installing: /home/yasmin-nunes/fs_msgs/install/fs_msgs/share/fs_msgs/msg/FinishedSignal.idl
[23.569s] -- Installing: /home/yasmin-nunes/fs_msgs/install/fs_msgs/share/fs_msgs/msg/GoSignal.idl
[23.570s] -- Installing: /home/yasmin-nunes/fs_msgs/install/fs_msgs/share/fs_msgs/msg/Track.idl
[23.570s] -- Installing: /home/yasmin-nunes/fs_msgs/install/fs_msgs/share/fs_msgs/msg/Cone.idl
[23.570s] -- Installing: /home/yasmin-nunes/fs_msgs/install/fs_msgs/share/fs_msgs/msg/ExtraInfo.idl
[23.571s] -- Installing: /home/yasmin-nunes/fs_msgs/install/fs_msgs/share/fs_msgs/msg/WheelStates.idl
[23.571s] -- Installing: /home/yasmin-nunes/fs_msgs/install/fs_msgs/share/fs_msgs/msg/Motion.idl
[23.572s] -- Installing: /home/yasmin-nunes/fs_msgs/install/fs_msgs/share/fs_msgs/srv/Reset.idl
[23.572s] -- Installing: /home/yasmin-nunes/fs_msgs/install/fs_msgs/share/fs_msgs/msg/ControlCommand.msg
[23.572s] -- Installing: /home/yasmin-nunes/fs_msgs/install/fs_msgs/share/fs_msgs/msg/FinishedSignal.msg
[23.572s] -- Installing: /home/yasmin-nunes/fs_msgs/install/fs_msgs/share/fs_msgs/msg/GoSignal.msg
[23.573s] -- Installing: /home/yasmin-nunes/fs_msgs/install/fs_msgs/share/fs_msgs/msg/Track.msg
[23.573s] -- Installing: /home/yasmin-nunes/fs_msgs/install/fs_msgs/share/fs_msgs/msg/Cone.msg
[23.573s] -- Installing: /home/yasmin-nunes/fs_msgs/install/fs_msgs/share/fs_msgs/msg/ExtraInfo.msg
[23.574s] -- Installing: /home/yasmin-nunes/fs_msgs/install/fs_msgs/share/fs_msgs/msg/WheelStates.msg
[23.574s] -- Installing: /home/yasmin-nunes/fs_msgs/install/fs_msgs/share/fs_msgs/msg/Motion.msg
[23.574s] -- Installing: /home/yasmin-nunes/fs_msgs/install/fs_msgs/share/fs_msgs/srv/Reset.srv
[23.574s] -- Installing: /home/yasmin-nunes/fs_msgs/install/fs_msgs/share/fs_msgs/srv/Reset_Request.msg
[23.574s] -- Installing: /home/yasmin-nunes/fs_msgs/install/fs_msgs/share/fs_msgs/srv/Reset_Response.msg
[23.575s] -- Installing: /home/yasmin-nunes/fs_msgs/install/fs_msgs/share/ament_index/resource_index/package_run_dependencies/fs_msgs
[23.575s] -- Installing: /home/yasmin-nunes/fs_msgs/install/fs_msgs/share/ament_index/resource_index/parent_prefix_path/fs_msgs
[23.575s] -- Installing: /home/yasmin-nunes/fs_msgs/install/fs_msgs/share/fs_msgs/environment/ament_prefix_path.sh
[23.575s] -- Installing: /home/yasmin-nunes/fs_msgs/install/fs_msgs/share/fs_msgs/environment/ament_prefix_path.dsv
[23.575s] -- Installing: /home/yasmin-nunes/fs_msgs/install/fs_msgs/share/fs_msgs/environment/path.sh
[23.576s] -- Installing: /home/yasmin-nunes/fs_msgs/install/fs_msgs/share/fs_msgs/environment/path.dsv
[23.576s] -- Installing: /home/yasmin-nunes/fs_msgs/install/fs_msgs/share/fs_msgs/local_setup.bash
[23.576s] -- Installing: /home/yasmin-nunes/fs_msgs/install/fs_msgs/share/fs_msgs/local_setup.sh
[23.576s] -- Installing: /home/yasmin-nunes/fs_msgs/install/fs_msgs/share/fs_msgs/local_setup.zsh
[23.576s] -- Installing: /home/yasmin-nunes/fs_msgs/install/fs_msgs/share/fs_msgs/local_setup.dsv
[23.576s] -- Installing: /home/yasmin-nunes/fs_msgs/install/fs_msgs/share/fs_msgs/package.dsv
[23.577s] -- Installing: /home/yasmin-nunes/fs_msgs/install/fs_msgs/share/ament_index/resource_index/packages/fs_msgs
[23.577s] -- Installing: /home/yasmin-nunes/fs_msgs/install/fs_msgs/share/fs_msgs/cmake/export_fs_msgs__rosidl_generator_cExport.cmake
[23.577s] -- Installing: /home/yasmin-nunes/fs_msgs/install/fs_msgs/share/fs_msgs/cmake/export_fs_msgs__rosidl_generator_cExport-noconfig.cmake
[23.577s] -- Installing: /home/yasmin-nunes/fs_msgs/install/fs_msgs/share/fs_msgs/cmake/export_fs_msgs__rosidl_typesupport_fastrtps_cExport.cmake
[23.578s] -- Installing: /home/yasmin-nunes/fs_msgs/install/fs_msgs/share/fs_msgs/cmake/export_fs_msgs__rosidl_typesupport_fastrtps_cExport-noconfig.cmake
[23.578s] -- Installing: /home/yasmin-nunes/fs_msgs/install/fs_msgs/share/fs_msgs/cmake/export_fs_msgs__rosidl_generator_cppExport.cmake
[23.578s] -- Installing: /home/yasmin-nunes/fs_msgs/install/fs_msgs/share/fs_msgs/cmake/export_fs_msgs__rosidl_typesupport_fastrtps_cppExport.cmake
[23.578s] -- Installing: /home/yasmin-nunes/fs_msgs/install/fs_msgs/share/fs_msgs/cmake/export_fs_msgs__rosidl_typesupport_fastrtps_cppExport-noconfig.cmake
[23.578s] -- Installing: /home/yasmin-nunes/fs_msgs/install/fs_msgs/share/fs_msgs/cmake/fs_msgs__rosidl_typesupport_introspection_cExport.cmake
[23.579s] -- Installing: /home/yasmin-nunes/fs_msgs/install/fs_msgs/share/fs_msgs/cmake/fs_msgs__rosidl_typesupport_introspection_cExport-noconfig.cmake
[23.579s] -- Installing: /home/yasmin-nunes/fs_msgs/install/fs_msgs/share/fs_msgs/cmake/fs_msgs__rosidl_typesupport_cExport.cmake
[23.579s] -- Installing: /home/yasmin-nunes/fs_msgs/install/fs_msgs/share/fs_msgs/cmake/fs_msgs__rosidl_typesupport_cExport-noconfig.cmake
[23.579s] -- Installing: /home/yasmin-nunes/fs_msgs/install/fs_msgs/share/fs_msgs/cmake/fs_msgs__rosidl_typesupport_introspection_cppExport.cmake
[23.579s] -- Installing: /home/yasmin-nunes/fs_msgs/install/fs_msgs/share/fs_msgs/cmake/fs_msgs__rosidl_typesupport_introspection_cppExport-noconfig.cmake
[23.579s] -- Installing: /home/yasmin-nunes/fs_msgs/install/fs_msgs/share/fs_msgs/cmake/fs_msgs__rosidl_typesupport_cppExport.cmake
[23.580s] -- Installing: /home/yasmin-nunes/fs_msgs/install/fs_msgs/share/fs_msgs/cmake/fs_msgs__rosidl_typesupport_cppExport-noconfig.cmake
[23.580s] -- Installing: /home/yasmin-nunes/fs_msgs/install/fs_msgs/share/fs_msgs/cmake/export_fs_msgs__rosidl_generator_pyExport.cmake
[23.580s] -- Installing: /home/yasmin-nunes/fs_msgs/install/fs_msgs/share/fs_msgs/cmake/export_fs_msgs__rosidl_generator_pyExport-noconfig.cmake
[23.580s] -- Installing: /home/yasmin-nunes/fs_msgs/install/fs_msgs/share/fs_msgs/cmake/rosidl_cmake-extras.cmake
[23.580s] -- Installing: /home/yasmin-nunes/fs_msgs/install/fs_msgs/share/fs_msgs/cmake/ament_cmake_export_dependencies-extras.cmake
[23.580s] -- Installing: /home/yasmin-nunes/fs_msgs/install/fs_msgs/share/fs_msgs/cmake/ament_cmake_export_include_directories-extras.cmake
[23.581s] -- Installing: /home/yasmin-nunes/fs_msgs/install/fs_msgs/share/fs_msgs/cmake/ament_cmake_export_libraries-extras.cmake
[23.581s] -- Installing: /home/yasmin-nunes/fs_msgs/install/fs_msgs/share/fs_msgs/cmake/ament_cmake_export_targets-extras.cmake
[23.581s] -- Installing: /home/yasmin-nunes/fs_msgs/install/fs_msgs/share/fs_msgs/cmake/rosidl_cmake_export_typesupport_targets-extras.cmake
[23.581s] -- Installing: /home/yasmin-nunes/fs_msgs/install/fs_msgs/share/fs_msgs/cmake/rosidl_cmake_export_typesupport_libraries-extras.cmake
[23.581s] -- Installing: /home/yasmin-nunes/fs_msgs/install/fs_msgs/share/fs_msgs/cmake/fs_msgsConfig.cmake
[23.581s] -- Installing: /home/yasmin-nunes/fs_msgs/install/fs_msgs/share/fs_msgs/cmake/fs_msgsConfig-version.cmake
[23.582s] -- Installing: /home/yasmin-nunes/fs_msgs/install/fs_msgs/share/fs_msgs/package.xml
[23.584s] Invoked command in '/home/yasmin-nunes/fs_msgs/build/fs_msgs' returned '0': CMAKE_PREFIX_PATH=${CMAKE_PREFIX_PATH}:/opt/ros/humble /usr/bin/cmake --install /home/yasmin-nunes/fs_msgs/build/fs_msgs
